------------------------------------------------------------------------------------------------------------------------

[2022-04-02 13:14:05 #1 store] 
Database 'C:\Users\ibon3\git\Bets21\src\main\resources\bets.temp' has been recovered (tr. 137-139)

[2022-04-02 13:14:06 #2 store] 
Database 'C:\Users\ibon3\git\Bets21\src\main\resources\bets.temp' is opened by 2268@LAPTOP-60C7DE8B

[2022-04-02 13:14:06 #3 type] 
Type domain.Question is not enhanced.

[2022-04-02 13:14:06 #4 type] 
Type domain.Event is not enhanced.

[2022-04-02 13:14:06 #5 type] 
Type domain.User is not enhanced.

[2022-04-02 13:14:06 #6 type] 
Type domain.Admin is not enhanced.

[2022-04-02 13:14:06 #7 type] 
Type domain.Result is not enhanced.

------------------------------------------------------------------------------------------------------------------------

[2022-04-02 13:14:38 #1 store] 
Database 'C:\Users\ibon3\git\Bets21\src\main\resources\bets.temp' has been recovered (tr. 140-140)

[2022-04-02 13:14:38 #2 store] 
Database 'C:\Users\ibon3\git\Bets21\src\main\resources\bets.temp' is opened by 13108@LAPTOP-60C7DE8B

[2022-04-02 13:14:38 #3 type] 
Type domain.Question is not enhanced.

[2022-04-02 13:14:38 #4 type] 
Type domain.Event is not enhanced.

[2022-04-02 13:14:38 #5 type] 
Type domain.User is not enhanced.

[2022-04-02 13:14:38 #6 type] 
Type domain.Admin is not enhanced.

[2022-04-02 13:14:38 #7 type] 
Type domain.Result is not enhanced.

------------------------------------------------------------------------------------------------------------------------

[2022-04-02 13:29:36 #1 store] 
Database 'C:\Users\ibon3\git\Bets21\src\main\resources\bets.temp' is opened by 2828@LAPTOP-60C7DE8B

[2022-04-02 13:29:36 #2 type] 
Type domain.Question is not enhanced.

[2022-04-02 13:29:36 #3 type] 
Type domain.Event is not enhanced.

[2022-04-02 13:29:36 #4 type] 
Type domain.User is not enhanced.

[2022-04-02 13:29:36 #5 type] 
Type domain.Admin is not enhanced.

[2022-04-02 13:29:36 #6 type] 
Type domain.Result is not enhanced.

------------------------------------------------------------------------------------------------------------------------

[2022-04-02 13:31:47 #1 store] 
Database 'C:\Users\ibon3\git\Bets21\src\main\resources\bets.temp' has been recovered (tr. 141-143)

[2022-04-02 13:31:47 #2 store] 
Database 'C:\Users\ibon3\git\Bets21\src\main\resources\bets.temp' is opened by 3092@LAPTOP-60C7DE8B

[2022-04-02 13:31:47 #3 type] 
Type domain.Question is not enhanced.

[2022-04-02 13:31:47 #4 type] 
Type domain.Event is not enhanced.

[2022-04-02 13:31:47 #5 type] 
Type domain.User is not enhanced.

[2022-04-02 13:31:47 #6 type] 
Type domain.Admin is not enhanced.

[2022-04-02 13:31:47 #7 type] 
Type domain.Result is not enhanced.

------------------------------------------------------------------------------------------------------------------------

[2022-04-02 13:35:41 #1 store] 
Database 'C:\Users\ibon3\git\Bets21\src\main\resources\bets.temp' is opened by 9492@LAPTOP-60C7DE8B

[2022-04-02 13:35:41 #2 type] 
Type domain.Question is not enhanced.

[2022-04-02 13:35:41 #3 type] 
Type domain.Event is not enhanced.

[2022-04-02 13:35:41 #4 type] 
Type domain.User is not enhanced.

[2022-04-02 13:35:41 #5 type] 
Type domain.Admin is not enhanced.

[2022-04-02 13:35:41 #6 type] 
Type domain.Result is not enhanced.

------------------------------------------------------------------------------------------------------------------------

[2022-04-02 13:36:47 #1 store] 
Database 'C:\Users\ibon3\git\Bets21\src\main\resources\bets.temp' is opened by 5808@LAPTOP-60C7DE8B

[2022-04-02 13:36:47 #2 type] 
Type domain.Question is not enhanced.

[2022-04-02 13:36:47 #3 type] 
Type domain.Event is not enhanced.

[2022-04-02 13:36:47 #4 type] 
Type domain.User is not enhanced.

[2022-04-02 13:36:47 #5 type] 
Type domain.Admin is not enhanced.

[2022-04-02 13:36:47 #6 type] 
Type domain.Result is not enhanced.

------------------------------------------------------------------------------------------------------------------------

[2022-04-02 14:15:47 #1 store] 
Database 'C:\Users\ibon3\git\Bets21\src\main\resources\bets.temp' is opened by 17048@LAPTOP-60C7DE8B

[2022-04-02 14:15:48 #2 type] 
Type domain.Question is not enhanced.

[2022-04-02 14:15:48 #3 type] 
Type domain.Event is not enhanced.

[2022-04-02 14:15:48 #4 type] 
Type domain.User is not enhanced.

[2022-04-02 14:15:48 #5 type] 
Type domain.Admin is not enhanced.

[2022-04-02 14:15:48 #6 type] 
Type domain.Result is not enhanced.

------------------------------------------------------------------------------------------------------------------------

[2022-04-02 14:17:44 #1 store] 
Database 'C:\Users\ibon3\git\Bets21\src\main\resources\bets.temp' is opened by 8872@LAPTOP-60C7DE8B

[2022-04-02 14:17:44 #2 type] 
Type domain.Question is not enhanced.

[2022-04-02 14:17:44 #3 type] 
Type domain.Event is not enhanced.

[2022-04-02 14:17:44 #4 type] 
Type domain.User is not enhanced.

[2022-04-02 14:17:44 #5 type] 
Type domain.Admin is not enhanced.

[2022-04-02 14:17:44 #6 type] 
Type domain.Result is not enhanced.

------------------------------------------------------------------------------------------------------------------------

[2022-04-02 14:19:09 #1 store] 
Database 'C:\Users\ibon3\git\Bets21\src\main\resources\bets.temp' is opened by 14928@LAPTOP-60C7DE8B

[2022-04-02 14:19:09 #2 type] 
Type domain.Question is not enhanced.

[2022-04-02 14:19:09 #3 type] 
Type domain.Event is not enhanced.

[2022-04-02 14:19:09 #4 type] 
Type domain.User is not enhanced.

[2022-04-02 14:19:09 #5 type] 
Type domain.Admin is not enhanced.

[2022-04-02 14:19:09 #6 type] 
Type domain.Result is not enhanced.

------------------------------------------------------------------------------------------------------------------------

[2022-04-02 14:21:23 #1 store] 
Database 'C:\Users\ibon3\git\Bets21\src\main\resources\bets.temp' is opened by 1872@LAPTOP-60C7DE8B

[2022-04-02 14:21:23 #2 type] 
Type domain.Question is not enhanced.

[2022-04-02 14:21:23 #3 type] 
Type domain.Event is not enhanced.

[2022-04-02 14:21:23 #4 type] 
Type domain.User is not enhanced.

[2022-04-02 14:21:23 #5 type] 
Type domain.Admin is not enhanced.

[2022-04-02 14:21:23 #6 type] 
Type domain.Result is not enhanced.

------------------------------------------------------------------------------------------------------------------------

[2022-04-02 14:30:52 #1 store] 
Database 'C:\Users\ibon3\git\Bets21\src\main\resources\bets.temp' has been recovered (tr. 144-144)

[2022-04-02 14:30:52 #2 store] 
Database 'C:\Users\ibon3\git\Bets21\src\main\resources\bets.temp' is opened by 13000@LAPTOP-60C7DE8B

[2022-04-02 14:30:52 #3 type] 
Type domain.Question is not enhanced.

[2022-04-02 14:30:52 #4 type] 
Type domain.Event is not enhanced.

[2022-04-02 14:30:52 #5 type] 
Type domain.User is not enhanced.

[2022-04-02 14:30:52 #6 type] 
Type domain.Admin is not enhanced.

[2022-04-02 14:30:52 #7 type] 
Type domain.Result is not enhanced.

[2022-04-02 14:31:14 #8 type.registry] 
New type domain.Bet

------------------------------------------------------------------------------------------------------------------------

[2022-04-02 14:31:42 #1 store] 
Database 'C:\Users\ibon3\git\Bets21\src\main\resources\bets.temp' has been recovered (tr. 145-145)

[2022-04-02 14:31:42 #2 store] 
Database 'C:\Users\ibon3\git\Bets21\src\main\resources\bets.temp' is opened by 10940@LAPTOP-60C7DE8B

[2022-04-02 14:31:42 #3 type] 
Type domain.Question is not enhanced.

[2022-04-02 14:31:42 #4 type] 
Type domain.Event is not enhanced.

[2022-04-02 14:31:42 #5 type] 
Type domain.User is not enhanced.

[2022-04-02 14:31:42 #6 type] 
Type domain.Admin is not enhanced.

[2022-04-02 14:31:42 #7 type] 
Type domain.Result is not enhanced.

[2022-04-02 14:31:42 #8 type] 
Type domain.Bet is not enhanced.

------------------------------------------------------------------------------------------------------------------------

[2022-04-02 14:35:36 #1 store] 
Database 'C:\Users\ibon3\git\Bets21\src\main\resources\bets.temp' is opened by 7272@LAPTOP-60C7DE8B

[2022-04-02 14:35:36 #2 type] 
Type domain.Question is not enhanced.

[2022-04-02 14:35:36 #3 type] 
Type domain.Event is not enhanced.

[2022-04-02 14:35:36 #4 type] 
Type domain.User is not enhanced.

[2022-04-02 14:35:36 #5 type] 
Type domain.Admin is not enhanced.

[2022-04-02 14:35:36 #6 type] 
Type domain.Result is not enhanced.

[2022-04-02 14:35:36 #7 type] 
Type domain.Bet is not enhanced.

------------------------------------------------------------------------------------------------------------------------

[2022-04-02 14:36:07 #1 store] 
Database 'C:\Users\ibon3\git\Bets21\src\main\resources\bets.temp' is opened by 9940@LAPTOP-60C7DE8B

[2022-04-02 14:36:07 #2 type] 
Type domain.Question is not enhanced.

[2022-04-02 14:36:07 #3 type] 
Type domain.Event is not enhanced.

[2022-04-02 14:36:07 #4 type] 
Type domain.User is not enhanced.

[2022-04-02 14:36:07 #5 type] 
Type domain.Admin is not enhanced.

[2022-04-02 14:36:07 #6 type] 
Type domain.Result is not enhanced.

[2022-04-02 14:36:07 #7 type] 
Type domain.Bet is not enhanced.

------------------------------------------------------------------------------------------------------------------------

[2022-04-02 14:37:43 #1 store] 
Database 'C:\Users\ibon3\git\Bets21\src\main\resources\bets.temp' is opened by 1680@LAPTOP-60C7DE8B

[2022-04-02 14:37:43 #2 type] 
Type domain.Question is not enhanced.

[2022-04-02 14:37:43 #3 type] 
Type domain.Event is not enhanced.

[2022-04-02 14:37:43 #4 type] 
Type domain.User is not enhanced.

[2022-04-02 14:37:43 #5 type] 
Type domain.Admin is not enhanced.

[2022-04-02 14:37:43 #6 type] 
Type domain.Result is not enhanced.

[2022-04-02 14:37:43 #7 type] 
Type domain.Bet is not enhanced.

------------------------------------------------------------------------------------------------------------------------

[2022-04-02 14:41:48 #1 store] 
Database 'C:\Users\ibon3\git\Bets21\src\main\resources\bets.temp' is opened by 10732@LAPTOP-60C7DE8B

[2022-04-02 14:41:48 #2 type] 
Type domain.Question is not enhanced.

[2022-04-02 14:41:48 #3 type] 
Type domain.Event is not enhanced.

[2022-04-02 14:41:48 #4 type] 
Type domain.User is not enhanced.

[2022-04-02 14:41:48 #5 type] 
Type domain.Admin is not enhanced.

[2022-04-02 14:41:48 #6 type] 
Type domain.Result is not enhanced.

[2022-04-02 14:41:48 #7 type] 
Type domain.Bet is not enhanced.

------------------------------------------------------------------------------------------------------------------------

[2022-04-02 14:44:34 #1 store] 
Database 'C:\Users\ibon3\git\Bets21\src\main\resources\bets.temp' has been recovered (tr. 151-154)

[2022-04-02 14:44:34 #2 store] 
Database 'C:\Users\ibon3\git\Bets21\src\main\resources\bets.temp' is opened by 10980@LAPTOP-60C7DE8B

[2022-04-02 14:44:34 #3 type] 
Type domain.Question is not enhanced.

[2022-04-02 14:44:34 #4 type] 
Type domain.Event is not enhanced.

[2022-04-02 14:44:34 #5 type] 
Type domain.User is not enhanced.

[2022-04-02 14:44:34 #6 type] 
Type domain.Admin is not enhanced.

[2022-04-02 14:44:34 #7 type] 
Type domain.Result is not enhanced.

[2022-04-02 14:44:34 #8 type] 
Type domain.Bet is not enhanced.

------------------------------------------------------------------------------------------------------------------------

[2022-04-02 14:46:31 #1 store] 
Database 'C:\Users\ibon3\git\Bets21\src\main\resources\bets.temp' has been recovered (tr. 155-155)

[2022-04-02 14:46:31 #2 store] 
Database 'C:\Users\ibon3\git\Bets21\src\main\resources\bets.temp' is opened by 16532@LAPTOP-60C7DE8B

[2022-04-02 14:46:31 #3 type] 
Type domain.Question is not enhanced.

[2022-04-02 14:46:31 #4 type] 
Type domain.Event is not enhanced.

[2022-04-02 14:46:31 #5 type] 
Type domain.User is not enhanced.

[2022-04-02 14:46:31 #6 type] 
Type domain.Admin is not enhanced.

[2022-04-02 14:46:31 #7 type] 
Type domain.Result is not enhanced.

[2022-04-02 14:46:31 #8 type] 
Type domain.Bet is not enhanced.

------------------------------------------------------------------------------------------------------------------------

[2022-04-02 16:56:00 #1 store] 
Database 'C:\Users\ibon3\git\Bets21\src\main\resources\bets.temp' has been recovered (tr. 156-156)

[2022-04-02 16:56:00 #2 store] 
Database 'C:\Users\ibon3\git\Bets21\src\main\resources\bets.temp' is opened by 13628@LAPTOP-60C7DE8B

[2022-04-02 16:56:01 #3 type] 
Type domain.Question is not enhanced.

[2022-04-02 16:56:01 #4 type] 
Type domain.Event is not enhanced.

[2022-04-02 16:56:01 #5 type] 
Type domain.User is not enhanced.

[2022-04-02 16:56:01 #6 type.registry] 
New type java.util.ArrayList<java.lang.String>

[2022-04-02 16:56:01 #7 type] 
Type domain.Admin is not enhanced.

[2022-04-02 16:56:01 #8 type] 
Type domain.Result is not enhanced.

[2022-04-02 16:56:01 #9 type] 
Type domain.Bet is not enhanced.

[2022-04-02 16:56:19 #10 type.registry] 
New type java.util.ArrayList<java.lang.Object>

------------------------------------------------------------------------------------------------------------------------

[2022-04-02 17:03:25 #1 store] 
Database 'C:\Users\ibon3\git\Bets21\src\main\resources\bets.temp' has been recovered (tr. 157-166)

[2022-04-02 17:03:26 #2 store] 
Database 'C:\Users\ibon3\git\Bets21\src\main\resources\bets.temp' is opened by 11924@LAPTOP-60C7DE8B

[2022-04-02 17:03:26 #3 type] 
Type domain.Question is not enhanced.

[2022-04-02 17:03:26 #4 type] 
Type domain.Event is not enhanced.

[2022-04-02 17:03:26 #5 type] 
Type domain.User is not enhanced.

[2022-04-02 17:03:26 #6 type] 
Type domain.Admin is not enhanced.

[2022-04-02 17:03:26 #7 type] 
Type domain.Result is not enhanced.

[2022-04-02 17:03:26 #8 type] 
Type domain.Bet is not enhanced.

------------------------------------------------------------------------------------------------------------------------

[2022-04-02 17:15:29 #1 store] 
Database 'C:\Users\ibon3\git\Bets21\src\main\resources\bets.temp' is opened by 15716@LAPTOP-60C7DE8B

[2022-04-02 17:15:29 #2 type] 
Type domain.Question is not enhanced.

[2022-04-02 17:15:29 #3 type] 
Type domain.Event is not enhanced.

[2022-04-02 17:15:29 #4 type] 
Type domain.User is not enhanced.

[2022-04-02 17:15:29 #5 type] 
Type domain.Admin is not enhanced.

[2022-04-02 17:15:29 #6 type] 
Type domain.Result is not enhanced.

[2022-04-02 17:15:29 #7 type] 
Type domain.Bet is not enhanced.

------------------------------------------------------------------------------------------------------------------------

[2022-04-02 17:17:58 #1 store] 
Database 'C:\Users\ibon3\git\Bets21\src\main\resources\bets.temp' is opened by 3552@LAPTOP-60C7DE8B

[2022-04-02 17:17:58 #2 type] 
Type domain.Question is not enhanced.

[2022-04-02 17:17:58 #3 type] 
Type domain.Event is not enhanced.

[2022-04-02 17:17:58 #4 type] 
Type domain.User is not enhanced.

[2022-04-02 17:17:58 #5 type] 
Type domain.Admin is not enhanced.

[2022-04-02 17:17:58 #6 type] 
Type domain.Result is not enhanced.

[2022-04-02 17:17:58 #7 type] 
Type domain.Bet is not enhanced.

------------------------------------------------------------------------------------------------------------------------

[2022-04-02 17:19:57 #1 store] 
Database 'C:\Users\ibon3\git\Bets21\src\main\resources\bets.temp' is opened by 8076@LAPTOP-60C7DE8B

[2022-04-02 17:19:57 #2 type] 
Type domain.Question is not enhanced.

[2022-04-02 17:19:57 #3 type] 
Type domain.Event is not enhanced.

[2022-04-02 17:19:57 #4 type] 
Type domain.User is not enhanced.

[2022-04-02 17:19:57 #5 type] 
Type domain.Admin is not enhanced.

[2022-04-02 17:19:57 #6 type] 
Type domain.Result is not enhanced.

[2022-04-02 17:19:57 #7 type] 
Type domain.Bet is not enhanced.

------------------------------------------------------------------------------------------------------------------------

[2022-04-02 17:21:10 #1 store] 
Database 'C:\Users\ibon3\git\Bets21\src\main\resources\bets.temp' is opened by 3692@LAPTOP-60C7DE8B

[2022-04-02 17:21:10 #2 type] 
Type domain.Question is not enhanced.

[2022-04-02 17:21:10 #3 type] 
Type domain.Event is not enhanced.

[2022-04-02 17:21:10 #4 type] 
Type domain.User is not enhanced.

[2022-04-02 17:21:10 #5 type] 
Type domain.Admin is not enhanced.

[2022-04-02 17:21:10 #6 type] 
Type domain.Result is not enhanced.

[2022-04-02 17:21:10 #7 type] 
Type domain.Bet is not enhanced.

------------------------------------------------------------------------------------------------------------------------

[2022-04-02 17:27:45 #1 store] 
Database 'C:\Users\ibon3\git\Bets21\src\main\resources\bets.temp' is opened by 8928@LAPTOP-60C7DE8B

[2022-04-02 17:27:45 #2 type] 
Type domain.Question is not enhanced.

[2022-04-02 17:27:45 #3 type] 
Type domain.Event is not enhanced.

[2022-04-02 17:27:45 #4 type] 
Type domain.User is not enhanced.

[2022-04-02 17:27:45 #5 type] 
Type domain.Admin is not enhanced.

[2022-04-02 17:27:45 #6 type] 
Type domain.Result is not enhanced.

[2022-04-02 17:27:45 #7 type] 
Type domain.Bet is not enhanced.

------------------------------------------------------------------------------------------------------------------------

[2022-04-02 17:28:55 #1 store] 
Database 'C:\Users\ibon3\git\Bets21\src\main\resources\bets.temp' has been recovered (tr. 172-173)

[2022-04-02 17:28:55 #2 store] 
Database 'C:\Users\ibon3\git\Bets21\src\main\resources\bets.temp' is opened by 11924@LAPTOP-60C7DE8B

[2022-04-02 17:28:56 #3 type] 
Type domain.Question is not enhanced.

[2022-04-02 17:28:56 #4 type] 
Type domain.Event is not enhanced.

[2022-04-02 17:28:56 #5 type] 
Type domain.User is not enhanced.

[2022-04-02 17:28:56 #6 type] 
Type domain.Admin is not enhanced.

[2022-04-02 17:28:56 #7 type] 
Type domain.Result is not enhanced.

[2022-04-02 17:28:56 #8 type] 
Type domain.Bet is not enhanced.

------------------------------------------------------------------------------------------------------------------------

[2022-04-02 17:32:08 #1 store] 
Database 'C:\Users\ibon3\git\Bets21\src\main\resources\bets.temp' has been recovered (tr. 174-178)

[2022-04-02 17:32:08 #2 store] 
Database 'C:\Users\ibon3\git\Bets21\src\main\resources\bets.temp' is opened by 8672@LAPTOP-60C7DE8B

[2022-04-02 17:32:08 #3 type] 
Type domain.Question is not enhanced.

[2022-04-02 17:32:08 #4 type] 
Type domain.Event is not enhanced.

[2022-04-02 17:32:08 #5 type] 
Type domain.User is not enhanced.

[2022-04-02 17:32:08 #6 type] 
Type domain.Admin is not enhanced.

[2022-04-02 17:32:08 #7 type] 
Type domain.Result is not enhanced.

[2022-04-02 17:32:08 #8 type] 
Type domain.Bet is not enhanced.

------------------------------------------------------------------------------------------------------------------------

[2022-04-02 17:36:02 #1 store] 
Database 'C:\Users\ibon3\git\Bets21\src\main\resources\bets.temp' has been recovered (tr. 179-194)

[2022-04-02 17:36:02 #2 store] 
Database 'C:\Users\ibon3\git\Bets21\src\main\resources\bets.temp' is opened by 10048@LAPTOP-60C7DE8B

[2022-04-02 17:36:02 #3 type] 
Type domain.Question is not enhanced.

[2022-04-02 17:36:02 #4 type] 
Type domain.Event is not enhanced.

[2022-04-02 17:36:02 #5 type] 
Type domain.User is not enhanced.

[2022-04-02 17:36:02 #6 type] 
Type domain.Admin is not enhanced.

[2022-04-02 17:36:02 #7 type] 
Type domain.Result is not enhanced.

[2022-04-02 17:36:02 #8 type] 
Type domain.Bet is not enhanced.

------------------------------------------------------------------------------------------------------------------------

[2022-04-02 17:38:42 #1 store] 
Database 'C:\Users\ibon3\git\Bets21\src\main\resources\bets.temp' has been recovered (tr. 195-197)

[2022-04-02 17:38:43 #2 store] 
Database 'C:\Users\ibon3\git\Bets21\src\main\resources\bets.temp' is opened by 10960@LAPTOP-60C7DE8B

[2022-04-02 17:38:43 #3 type] 
Type domain.Question is not enhanced.

[2022-04-02 17:38:43 #4 type] 
Type domain.Event is not enhanced.

[2022-04-02 17:38:43 #5 type] 
Type domain.User is not enhanced.

[2022-04-02 17:38:43 #6 type] 
Type domain.Admin is not enhanced.

[2022-04-02 17:38:43 #7 type] 
Type domain.Result is not enhanced.

[2022-04-02 17:38:43 #8 type] 
Type domain.Bet is not enhanced.

