------------------------------------------------------------------------------------------------------------------------

[2022-05-12 12:18:12 #1 store] 
Database 'C:\Users\ibon3\git\Bets21\src\main\resources\bets.temp' has been recovered (tr. 685-686)

[2022-05-12 12:18:12 #2 store] 
Database 'C:\Users\ibon3\git\Bets21\src\main\resources\bets.temp' is opened by 17188@LAPTOP-60C7DE8B

[2022-05-12 12:18:13 #3 type] 
Type domain.Question is not enhanced.

[2022-05-12 12:18:13 #4 type] 
Type domain.Event is not enhanced.

[2022-05-12 12:18:13 #5 type] 
Type domain.User is not enhanced.

[2022-05-12 12:18:13 #6 type] 
Type domain.Admin is not enhanced.

[2022-05-12 12:18:13 #7 type] 
Type domain.Result is not enhanced.

[2022-05-12 12:18:13 #8 type] 
Type domain.Bet is not enhanced.

[2022-05-12 12:18:13 #9 type] 
Type domain.FinalResult is not enhanced.

[2022-05-12 12:18:13 #10 type] 
Type domain.Txat is not enhanced.

------------------------------------------------------------------------------------------------------------------------

[2022-05-12 12:21:11 #1 store] 
Database 'C:\Users\ibon3\git\Bets21\src\main\resources\bets.temp' has been recovered (tr. 687-701)

[2022-05-12 12:21:11 #2 store] 
Database 'C:\Users\ibon3\git\Bets21\src\main\resources\bets.temp' is opened by 12992@LAPTOP-60C7DE8B

[2022-05-12 12:21:11 #3 type] 
Type domain.Question is not enhanced.

[2022-05-12 12:21:11 #4 type] 
Type domain.Event is not enhanced.

[2022-05-12 12:21:11 #5 type] 
Type domain.User is not enhanced.

[2022-05-12 12:21:11 #6 type] 
Type domain.Admin is not enhanced.

[2022-05-12 12:21:11 #7 type] 
Type domain.Result is not enhanced.

[2022-05-12 12:21:11 #8 type] 
Type domain.Bet is not enhanced.

[2022-05-12 12:21:11 #9 type] 
Type domain.FinalResult is not enhanced.

[2022-05-12 12:21:11 #10 type] 
Type domain.Txat is not enhanced.

------------------------------------------------------------------------------------------------------------------------

[2022-05-12 12:31:37 #1 store] 
Database 'C:\Users\ibon3\git\Bets21\src\main\resources\bets.temp' is opened by 3900@LAPTOP-60C7DE8B

[2022-05-12 12:31:37 #2 type] 
Type domain.Question is not enhanced.

[2022-05-12 12:31:37 #3 type] 
Type domain.Event is not enhanced.

[2022-05-12 12:31:37 #4 type] 
Type domain.User is not enhanced.

[2022-05-12 12:31:37 #5 type] 
Type domain.Admin is not enhanced.

[2022-05-12 12:31:37 #6 type] 
Type domain.Result is not enhanced.

[2022-05-12 12:31:37 #7 type] 
Type domain.Bet is not enhanced.

[2022-05-12 12:31:37 #8 type] 
Type domain.FinalResult is not enhanced.

[2022-05-12 12:31:37 #9 type] 
Type domain.Txat is not enhanced.

------------------------------------------------------------------------------------------------------------------------

[2022-05-12 12:33:07 #1 store] 
Database 'C:\Users\ibon3\git\Bets21\src\main\resources\bets.temp' is opened by 17164@LAPTOP-60C7DE8B

[2022-05-12 12:33:08 #2 type] 
Type domain.Question is not enhanced.

[2022-05-12 12:33:08 #3 type] 
Type domain.Event is not enhanced.

[2022-05-12 12:33:08 #4 type] 
Type domain.User is not enhanced.

[2022-05-12 12:33:08 #5 type] 
Type domain.Admin is not enhanced.

[2022-05-12 12:33:08 #6 type] 
Type domain.Result is not enhanced.

[2022-05-12 12:33:08 #7 type] 
Type domain.Bet is not enhanced.

[2022-05-12 12:33:08 #8 type] 
Type domain.FinalResult is not enhanced.

[2022-05-12 12:33:08 #9 type] 
Type domain.Txat is not enhanced.

------------------------------------------------------------------------------------------------------------------------

[2022-05-12 12:34:46 #1 store] 
Database 'C:\Users\ibon3\git\Bets21\src\main\resources\bets.temp' is opened by 16080@LAPTOP-60C7DE8B

[2022-05-12 12:34:46 #2 type] 
Type domain.Question is not enhanced.

[2022-05-12 12:34:46 #3 type] 
Type domain.Event is not enhanced.

[2022-05-12 12:34:46 #4 type] 
Type domain.User is not enhanced.

[2022-05-12 12:34:46 #5 type] 
Type domain.Admin is not enhanced.

[2022-05-12 12:34:46 #6 type] 
Type domain.Result is not enhanced.

[2022-05-12 12:34:46 #7 type] 
Type domain.Bet is not enhanced.

[2022-05-12 12:34:46 #8 type] 
Type domain.FinalResult is not enhanced.

[2022-05-12 12:34:46 #9 type] 
Type domain.Txat is not enhanced.

------------------------------------------------------------------------------------------------------------------------

[2022-05-12 13:05:30 #1 store] 
Database 'C:\Users\ibon3\git\Bets21\src\main\resources\bets.temp' is opened by 15368@LAPTOP-60C7DE8B

[2022-05-12 13:05:30 #2 type] 
Type domain.Question is not enhanced.

[2022-05-12 13:05:30 #3 type] 
Type domain.Event is not enhanced.

[2022-05-12 13:05:30 #4 type] 
Type domain.User is not enhanced.

[2022-05-12 13:05:30 #5 type] 
Type domain.Admin is not enhanced.

[2022-05-12 13:05:30 #6 type] 
Type domain.Result is not enhanced.

[2022-05-12 13:05:30 #7 type] 
Type domain.Bet is not enhanced.

[2022-05-12 13:05:30 #8 type] 
Type domain.FinalResult is not enhanced.

[2022-05-12 13:05:30 #9 type] 
Type domain.Txat is not enhanced.

------------------------------------------------------------------------------------------------------------------------

[2022-05-12 13:20:26 #1 store] 
Database 'C:\Users\ibon3\git\Bets21\src\main\resources\bets.temp' has been recovered (tr. 727-729)

[2022-05-12 13:20:26 #2 store] 
Database 'C:\Users\ibon3\git\Bets21\src\main\resources\bets.temp' is opened by 11696@LAPTOP-60C7DE8B

[2022-05-12 13:20:26 #3 type] 
Type domain.Question is not enhanced.

[2022-05-12 13:20:26 #4 type] 
Type domain.Event is not enhanced.

[2022-05-12 13:20:26 #5 type] 
Type domain.User is not enhanced.

[2022-05-12 13:20:26 #6 type] 
Type domain.Admin is not enhanced.

[2022-05-12 13:20:26 #7 type] 
Type domain.Result is not enhanced.

[2022-05-12 13:20:26 #8 type] 
Type domain.Bet is not enhanced.

[2022-05-12 13:20:26 #9 type] 
Type domain.FinalResult is not enhanced.

[2022-05-12 13:20:26 #10 type] 
Type domain.Txat is not enhanced.

------------------------------------------------------------------------------------------------------------------------

[2022-05-12 14:04:32 #1 store] 
Database 'C:\Users\ibon3\git\Bets21\src\main\resources\bets.temp' is opened by 15368@LAPTOP-60C7DE8B

[2022-05-12 14:04:32 #2 type] 
Type domain.Question is not enhanced.

[2022-05-12 14:04:32 #3 type] 
Type domain.Event is not enhanced.

[2022-05-12 14:04:32 #4 type] 
Type domain.User is not enhanced.

[2022-05-12 14:04:32 #5 type] 
Type domain.Admin is not enhanced.

[2022-05-12 14:04:32 #6 type] 
Type domain.Result is not enhanced.

[2022-05-12 14:04:32 #7 type] 
Type domain.Bet is not enhanced.

[2022-05-12 14:04:32 #8 type] 
Type domain.FinalResult is not enhanced.

[2022-05-12 14:04:32 #9 type] 
Type domain.Txat is not enhanced.

[2022-05-12 14:05:58 #10 type.registry] 
New type domain.PartialBet

[2022-05-12 14:05:58 #11 type] 
Type domain.PartialBet is not enhanced.

------------------------------------------------------------------------------------------------------------------------

[2022-05-12 14:09:09 #1 store] 
Database 'C:\Users\ibon3\git\Bets21\src\main\resources\bets.temp' is opened by 3860@LAPTOP-60C7DE8B

[2022-05-12 14:09:09 #2 type] 
Type domain.Question is not enhanced.

[2022-05-12 14:09:09 #3 type] 
Type domain.Event is not enhanced.

[2022-05-12 14:09:09 #4 type] 
Type domain.User is not enhanced.

[2022-05-12 14:09:09 #5 type] 
Type domain.Admin is not enhanced.

[2022-05-12 14:09:09 #6 type] 
Type domain.Result is not enhanced.

[2022-05-12 14:09:09 #7 type] 
Type domain.Bet is not enhanced.

[2022-05-12 14:09:09 #8 type] 
Type domain.FinalResult is not enhanced.

[2022-05-12 14:09:09 #9 type] 
Type domain.Txat is not enhanced.

[2022-05-12 14:09:09 #10 type] 
Type domain.PartialBet is not enhanced.

------------------------------------------------------------------------------------------------------------------------

[2022-05-12 14:13:28 #1 store] 
Database 'C:\Users\ibon3\git\Bets21\src\main\resources\bets.temp' has been recovered (tr. 755-766)

[2022-05-12 14:13:28 #2 store] 
Database 'C:\Users\ibon3\git\Bets21\src\main\resources\bets.temp' is opened by 10008@LAPTOP-60C7DE8B

[2022-05-12 14:13:29 #3 type] 
Type domain.Question is not enhanced.

[2022-05-12 14:13:29 #4 type] 
Type domain.Event is not enhanced.

[2022-05-12 14:13:29 #5 type] 
Type domain.User is not enhanced.

[2022-05-12 14:13:29 #6 type] 
Type domain.Admin is not enhanced.

[2022-05-12 14:13:29 #7 type] 
Type domain.Result is not enhanced.

[2022-05-12 14:13:29 #8 type] 
Type domain.Bet is not enhanced.

[2022-05-12 14:13:29 #9 type] 
Type domain.FinalResult is not enhanced.

[2022-05-12 14:13:29 #10 type] 
Type domain.Txat is not enhanced.

[2022-05-12 14:13:29 #11 type] 
Type domain.PartialBet is not enhanced.

[2022-05-12 14:14:23 #12 type.registry] 
New type domain.MultipleBet

[2022-05-12 14:14:23 #13 type] 
Type domain.MultipleBet is not enhanced.

[2022-05-12 14:14:23 #14 type.registry] 
New type java.util.ArrayList<domain.PartialBet>

[2022-05-12 14:14:41 #15 type.registry] 
New type domain.MultipleBet

[2022-05-12 14:14:41 #16 type.registry] 
New type java.util.ArrayList<domain.PartialBet>

