------------------------------------------------------------------------------------------------------------------------

[2022-04-03 12:55:07 #1 store] 
Database 'C:\Users\ibon3\git\Bets21\src\main\resources\bets.temp' has been recovered (tr. 198-203)

[2022-04-03 12:55:07 #2 store] 
Database 'C:\Users\ibon3\git\Bets21\src\main\resources\bets.temp' is opened by 4612@LAPTOP-60C7DE8B

[2022-04-03 12:55:07 #3 type] 
Type domain.Question is not enhanced.

[2022-04-03 12:55:07 #4 type] 
Type domain.Event is not enhanced.

[2022-04-03 12:55:07 #5 type] 
Type domain.User is not enhanced.

[2022-04-03 12:55:07 #6 type] 
Type domain.Admin is not enhanced.

[2022-04-03 12:55:07 #7 type] 
Type domain.Result is not enhanced.

[2022-04-03 12:55:07 #8 type] 
Type domain.Bet is not enhanced.

------------------------------------------------------------------------------------------------------------------------

[2022-04-03 13:33:02 #1 store] 
Database 'C:\Users\ibon3\git\Bets21\src\main\resources\bets.temp' is opened by 15440@LAPTOP-60C7DE8B

[2022-04-03 13:33:02 #2 type] 
Type domain.Question is not enhanced.

[2022-04-03 13:33:02 #3 type] 
Type domain.Event is not enhanced.

[2022-04-03 13:33:02 #4 type] 
Type domain.User is not enhanced.

[2022-04-03 13:33:02 #5 type] 
Type domain.Admin is not enhanced.

[2022-04-03 13:33:02 #6 type] 
Type domain.Result is not enhanced.

[2022-04-03 13:33:02 #7 type] 
Type domain.Bet is not enhanced.

------------------------------------------------------------------------------------------------------------------------

[2022-04-03 13:34:26 #1 store] 
Database 'C:\Users\ibon3\git\Bets21\src\main\resources\bets.temp' has been recovered (tr. 214-215)

[2022-04-03 13:34:26 #2 store] 
Database 'C:\Users\ibon3\git\Bets21\src\main\resources\bets.temp' is opened by 14020@LAPTOP-60C7DE8B

[2022-04-03 13:34:26 #3 type] 
Type domain.Question is not enhanced.

[2022-04-03 13:34:26 #4 type] 
Type domain.Event is not enhanced.

[2022-04-03 13:34:26 #5 type] 
Type domain.User is not enhanced.

[2022-04-03 13:34:26 #6 type] 
Type domain.Admin is not enhanced.

[2022-04-03 13:34:26 #7 type] 
Type domain.Result is not enhanced.

[2022-04-03 13:34:26 #8 type] 
Type domain.Bet is not enhanced.

------------------------------------------------------------------------------------------------------------------------

[2022-04-03 13:36:42 #1 store] 
Database 'C:\Users\ibon3\git\Bets21\src\main\resources\bets.temp' is opened by 10508@LAPTOP-60C7DE8B

[2022-04-03 13:36:42 #2 type] 
Type domain.Question is not enhanced.

[2022-04-03 13:36:42 #3 type] 
Type domain.Event is not enhanced.

[2022-04-03 13:36:42 #4 type] 
Type domain.User is not enhanced.

[2022-04-03 13:36:42 #5 type] 
Type domain.Admin is not enhanced.

[2022-04-03 13:36:42 #6 type] 
Type domain.Result is not enhanced.

[2022-04-03 13:36:42 #7 type] 
Type domain.Bet is not enhanced.

------------------------------------------------------------------------------------------------------------------------

[2022-04-03 13:44:10 #1 store] 
Database 'C:\Users\ibon3\git\Bets21\src\main\resources\bets.temp' is opened by 2752@LAPTOP-60C7DE8B

[2022-04-03 13:44:10 #2 type] 
Type domain.Question is not enhanced.

[2022-04-03 13:44:10 #3 type] 
Type domain.Event is not enhanced.

[2022-04-03 13:44:10 #4 type] 
Type domain.User is not enhanced.

[2022-04-03 13:44:10 #5 type] 
Type domain.Admin is not enhanced.

[2022-04-03 13:44:10 #6 type] 
Type domain.Result is not enhanced.

[2022-04-03 13:44:10 #7 type] 
Type domain.Bet is not enhanced.

------------------------------------------------------------------------------------------------------------------------

[2022-04-03 13:47:35 #1 store] 
Database 'C:\Users\ibon3\git\Bets21\src\main\resources\bets.temp' is opened by 2152@LAPTOP-60C7DE8B

[2022-04-03 13:47:36 #2 type] 
Type domain.Question is not enhanced.

[2022-04-03 13:47:36 #3 type] 
Type domain.Event is not enhanced.

[2022-04-03 13:47:36 #4 type] 
Type domain.User is not enhanced.

[2022-04-03 13:47:36 #5 type] 
Type domain.Admin is not enhanced.

[2022-04-03 13:47:36 #6 type] 
Type domain.Result is not enhanced.

[2022-04-03 13:47:36 #7 type] 
Type domain.Bet is not enhanced.

------------------------------------------------------------------------------------------------------------------------

[2022-04-03 13:49:18 #1 store] 
Database 'C:\Users\ibon3\git\Bets21\src\main\resources\bets.temp' is opened by 12952@LAPTOP-60C7DE8B

[2022-04-03 13:49:19 #2 type] 
Type domain.Question is not enhanced.

[2022-04-03 13:49:19 #3 type] 
Type domain.Event is not enhanced.

[2022-04-03 13:49:19 #4 type] 
Type domain.User is not enhanced.

[2022-04-03 13:49:19 #5 type] 
Type domain.Admin is not enhanced.

[2022-04-03 13:49:19 #6 type] 
Type domain.Result is not enhanced.

[2022-04-03 13:49:19 #7 type] 
Type domain.Bet is not enhanced.

------------------------------------------------------------------------------------------------------------------------

[2022-04-03 13:50:00 #1 store] 
Database 'C:\Users\ibon3\git\Bets21\src\main\resources\bets.temp' has been recovered (tr. 216-216)

[2022-04-03 13:50:00 #2 store] 
Database 'C:\Users\ibon3\git\Bets21\src\main\resources\bets.temp' is opened by 6908@LAPTOP-60C7DE8B

[2022-04-03 13:50:00 #3 type] 
Type domain.Question is not enhanced.

[2022-04-03 13:50:00 #4 type] 
Type domain.Event is not enhanced.

[2022-04-03 13:50:00 #5 type] 
Type domain.User is not enhanced.

[2022-04-03 13:50:00 #6 type] 
Type domain.Admin is not enhanced.

[2022-04-03 13:50:00 #7 type] 
Type domain.Result is not enhanced.

[2022-04-03 13:50:00 #8 type] 
Type domain.Bet is not enhanced.

------------------------------------------------------------------------------------------------------------------------

[2022-04-03 13:56:21 #1 store] 
Database 'C:\Users\ibon3\git\Bets21\src\main\resources\bets.temp' has been recovered (tr. 217-233)

[2022-04-03 13:56:21 #2 store] 
Database 'C:\Users\ibon3\git\Bets21\src\main\resources\bets.temp' is opened by 9596@LAPTOP-60C7DE8B

[2022-04-03 13:56:21 #3 type] 
Type domain.Question is not enhanced.

[2022-04-03 13:56:21 #4 type] 
Type domain.Event is not enhanced.

[2022-04-03 13:56:21 #5 type] 
Type domain.User is not enhanced.

[2022-04-03 13:56:21 #6 type] 
Type domain.Admin is not enhanced.

[2022-04-03 13:56:21 #7 type] 
Type domain.Result is not enhanced.

[2022-04-03 13:56:21 #8 type] 
Type domain.Bet is not enhanced.

------------------------------------------------------------------------------------------------------------------------

[2022-04-03 13:58:22 #1 store] 
Database 'C:\Users\ibon3\git\Bets21\src\main\resources\bets.temp' is opened by 11168@LAPTOP-60C7DE8B

[2022-04-03 13:58:22 #2 type] 
Type domain.Question is not enhanced.

[2022-04-03 13:58:22 #3 type] 
Type domain.Event is not enhanced.

[2022-04-03 13:58:22 #4 type] 
Type domain.User is not enhanced.

[2022-04-03 13:58:22 #5 type] 
Type domain.Admin is not enhanced.

[2022-04-03 13:58:22 #6 type] 
Type domain.Result is not enhanced.

[2022-04-03 13:58:22 #7 type] 
Type domain.Bet is not enhanced.

------------------------------------------------------------------------------------------------------------------------

[2022-04-03 14:00:33 #1 store] 
Database 'C:\Users\ibon3\git\Bets21\src\main\resources\bets.temp' is opened by 9980@LAPTOP-60C7DE8B

[2022-04-03 14:00:33 #2 type] 
Type domain.Question is not enhanced.

[2022-04-03 14:00:33 #3 type] 
Type domain.Event is not enhanced.

[2022-04-03 14:00:33 #4 type] 
Type domain.User is not enhanced.

[2022-04-03 14:00:33 #5 type] 
Type domain.Admin is not enhanced.

[2022-04-03 14:00:33 #6 type] 
Type domain.Result is not enhanced.

[2022-04-03 14:00:33 #7 type] 
Type domain.Bet is not enhanced.

------------------------------------------------------------------------------------------------------------------------

[2022-04-03 14:05:29 #1 store] 
Database 'C:\Users\ibon3\git\Bets21\src\main\resources\bets.temp' has been recovered (tr. 234-249)

[2022-04-03 14:05:29 #2 store] 
Database 'C:\Users\ibon3\git\Bets21\src\main\resources\bets.temp' is opened by 6700@LAPTOP-60C7DE8B

[2022-04-03 14:05:29 #3 type] 
Type domain.Question is not enhanced.

[2022-04-03 14:05:29 #4 type] 
Type domain.Event is not enhanced.

[2022-04-03 14:05:29 #5 type] 
Type domain.User is not enhanced.

[2022-04-03 14:05:29 #6 type] 
Type domain.Admin is not enhanced.

[2022-04-03 14:05:29 #7 type] 
Type domain.Result is not enhanced.

[2022-04-03 14:05:29 #8 type] 
Type domain.Bet is not enhanced.

------------------------------------------------------------------------------------------------------------------------

[2022-04-03 14:07:07 #1 store] 
Database 'C:\Users\ibon3\git\Bets21\src\main\resources\bets.temp' has been recovered (tr. 250-250)

[2022-04-03 14:07:07 #2 store] 
Database 'C:\Users\ibon3\git\Bets21\src\main\resources\bets.temp' is opened by 15696@LAPTOP-60C7DE8B

[2022-04-03 14:07:07 #3 type] 
Type domain.Question is not enhanced.

[2022-04-03 14:07:07 #4 type] 
Type domain.Event is not enhanced.

[2022-04-03 14:07:07 #5 type] 
Type domain.User is not enhanced.

[2022-04-03 14:07:07 #6 type] 
Type domain.Admin is not enhanced.

[2022-04-03 14:07:07 #7 type] 
Type domain.Result is not enhanced.

[2022-04-03 14:07:07 #8 type] 
Type domain.Bet is not enhanced.

