------------------------------------------------------------------------------------------------------------------------

[2022-03-29 11:00:40 #1 store] 
Database 'C:\Users\ibon3\git\Bets21\src\main\resources\bets.temp' is opened by 4960@LAPTOP-60C7DE8B

[2022-03-29 11:00:40 #2 type] 
Type domain.Question is not enhanced.

[2022-03-29 11:00:40 #3 type] 
Type domain.Event is not enhanced.

[2022-03-29 11:00:40 #4 type] 
Type domain.User is not enhanced.

[2022-03-29 11:00:40 #5 type] 
Type domain.Admin is not enhanced.

[2022-03-29 11:00:40 #6 type] 
Type domain.Result is not enhanced.

------------------------------------------------------------------------------------------------------------------------

[2022-03-29 11:13:06 #1 store] 
Database 'C:\Users\ibon3\git\Bets21\src\main\resources\bets.temp' is opened by 10372@LAPTOP-60C7DE8B

[2022-03-29 11:13:06 #2 type] 
Type domain.Question is not enhanced.

[2022-03-29 11:13:06 #3 type] 
Type domain.Event is not enhanced.

[2022-03-29 11:13:06 #4 type] 
Type domain.User is not enhanced.

[2022-03-29 11:13:06 #5 type] 
Type domain.Admin is not enhanced.

[2022-03-29 11:13:06 #6 type] 
Type domain.Result is not enhanced.

------------------------------------------------------------------------------------------------------------------------

[2022-03-29 11:24:57 #1 store] 
Database 'C:\Users\ibon3\git\Bets21\src\main\resources\bets.temp' is opened by 9492@LAPTOP-60C7DE8B

[2022-03-29 11:24:57 #2 type] 
Type domain.Question is not enhanced.

[2022-03-29 11:24:57 #3 type] 
Type domain.Event is not enhanced.

[2022-03-29 11:24:57 #4 type] 
Type domain.User is not enhanced.

[2022-03-29 11:24:57 #5 type] 
Type domain.Admin is not enhanced.

[2022-03-29 11:24:57 #6 type] 
Type domain.Result is not enhanced.

------------------------------------------------------------------------------------------------------------------------

[2022-03-29 11:27:15 #1 store] 
Database 'C:\Users\ibon3\git\Bets21\src\main\resources\bets.temp' is opened by 15860@LAPTOP-60C7DE8B

[2022-03-29 11:27:15 #2 type] 
Type domain.Question is not enhanced.

[2022-03-29 11:27:15 #3 type] 
Type domain.Event is not enhanced.

[2022-03-29 11:27:15 #4 type] 
Type domain.User is not enhanced.

[2022-03-29 11:27:15 #5 type] 
Type domain.Admin is not enhanced.

[2022-03-29 11:27:15 #6 type] 
Type domain.Result is not enhanced.

------------------------------------------------------------------------------------------------------------------------

[2022-03-29 11:42:13 #1 store] 
Database 'C:\Users\ibon3\git\Bets21\src\main\resources\bets.temp' is opened by 14352@LAPTOP-60C7DE8B

[2022-03-29 11:42:13 #2 type] 
Type domain.Question is not enhanced.

[2022-03-29 11:42:13 #3 type] 
Type domain.Event is not enhanced.

[2022-03-29 11:42:13 #4 type] 
Type domain.User is not enhanced.

[2022-03-29 11:42:13 #5 type] 
Type domain.Admin is not enhanced.

[2022-03-29 11:42:13 #6 type] 
Type domain.Result is not enhanced.

------------------------------------------------------------------------------------------------------------------------

[2022-03-29 11:46:13 #1 store] 
Database 'C:\Users\ibon3\git\Bets21\src\main\resources\bets.temp' is opened by 16808@LAPTOP-60C7DE8B

[2022-03-29 11:46:13 #2 type] 
Type domain.Question is not enhanced.

[2022-03-29 11:46:13 #3 type] 
Type domain.Event is not enhanced.

[2022-03-29 11:46:13 #4 type] 
Type domain.User is not enhanced.

[2022-03-29 11:46:13 #5 type] 
Type domain.Admin is not enhanced.

[2022-03-29 11:46:13 #6 type] 
Type domain.Result is not enhanced.

------------------------------------------------------------------------------------------------------------------------

[2022-03-29 11:49:31 #1 store] 
Database 'C:\Users\ibon3\git\Bets21\src\main\resources\bets.temp' is opened by 11056@LAPTOP-60C7DE8B

[2022-03-29 11:49:31 #2 type] 
Type domain.Question is not enhanced.

[2022-03-29 11:49:31 #3 type] 
Type domain.Event is not enhanced.

[2022-03-29 11:49:31 #4 type] 
Type domain.User is not enhanced.

[2022-03-29 11:49:31 #5 type] 
Type domain.Admin is not enhanced.

[2022-03-29 11:49:31 #6 type] 
Type domain.Result is not enhanced.

------------------------------------------------------------------------------------------------------------------------

[2022-03-29 11:50:52 #1 store] 
Database 'C:\Users\ibon3\git\Bets21\src\main\resources\bets.temp' has been recovered (tr. 134-135)

[2022-03-29 11:50:52 #2 store] 
Database 'C:\Users\ibon3\git\Bets21\src\main\resources\bets.temp' is opened by 3296@LAPTOP-60C7DE8B

[2022-03-29 11:50:52 #3 type] 
Type domain.Question is not enhanced.

[2022-03-29 11:50:52 #4 type] 
Type domain.Event is not enhanced.

[2022-03-29 11:50:52 #5 type] 
Type domain.User is not enhanced.

[2022-03-29 11:50:52 #6 type] 
Type domain.Admin is not enhanced.

[2022-03-29 11:50:52 #7 type] 
Type domain.Result is not enhanced.

------------------------------------------------------------------------------------------------------------------------

[2022-03-29 11:54:22 #1 store] 
Database 'C:\Users\ibon3\git\Bets21\src\main\resources\bets.temp' is opened by 16000@LAPTOP-60C7DE8B

[2022-03-29 11:54:22 #2 type] 
Type domain.Question is not enhanced.

[2022-03-29 11:54:22 #3 type] 
Type domain.Event is not enhanced.

[2022-03-29 11:54:22 #4 type] 
Type domain.User is not enhanced.

[2022-03-29 11:54:22 #5 type] 
Type domain.Admin is not enhanced.

[2022-03-29 11:54:22 #6 type] 
Type domain.Result is not enhanced.

------------------------------------------------------------------------------------------------------------------------

[2022-03-29 11:55:30 #1 store] 
Database 'C:\Users\ibon3\git\Bets21\src\main\resources\bets.temp' is opened by 15840@LAPTOP-60C7DE8B

[2022-03-29 11:55:31 #2 type] 
Type domain.Question is not enhanced.

[2022-03-29 11:55:31 #3 type] 
Type domain.Event is not enhanced.

[2022-03-29 11:55:31 #4 type] 
Type domain.User is not enhanced.

[2022-03-29 11:55:31 #5 type] 
Type domain.Admin is not enhanced.

[2022-03-29 11:55:31 #6 type] 
Type domain.Result is not enhanced.

------------------------------------------------------------------------------------------------------------------------

[2022-03-29 11:56:36 #1 store] 
Database 'C:\Users\ibon3\git\Bets21\src\main\resources\bets.temp' is opened by 15592@LAPTOP-60C7DE8B

[2022-03-29 11:56:36 #2 type] 
Type domain.Question is not enhanced.

[2022-03-29 11:56:36 #3 type] 
Type domain.Event is not enhanced.

[2022-03-29 11:56:36 #4 type] 
Type domain.User is not enhanced.

[2022-03-29 11:56:36 #5 type] 
Type domain.Admin is not enhanced.

[2022-03-29 11:56:36 #6 type] 
Type domain.Result is not enhanced.

------------------------------------------------------------------------------------------------------------------------

[2022-03-29 11:57:31 #1 store] 
Database 'C:\Users\ibon3\git\Bets21\src\main\resources\bets.temp' has been recovered (tr. 136-136)

[2022-03-29 11:57:31 #2 store] 
Database 'C:\Users\ibon3\git\Bets21\src\main\resources\bets.temp' is opened by 5600@LAPTOP-60C7DE8B

[2022-03-29 11:57:32 #3 type] 
Type domain.Question is not enhanced.

[2022-03-29 11:57:32 #4 type] 
Type domain.Event is not enhanced.

[2022-03-29 11:57:32 #5 type] 
Type domain.User is not enhanced.

[2022-03-29 11:57:32 #6 type] 
Type domain.Admin is not enhanced.

[2022-03-29 11:57:32 #7 type] 
Type domain.Result is not enhanced.

------------------------------------------------------------------------------------------------------------------------

[2022-03-29 12:08:20 #1 store] 
Database 'C:\Users\ibon3\git\Bets21\src\main\resources\bets.temp' is opened by 13724@LAPTOP-60C7DE8B

[2022-03-29 12:08:20 #2 type] 
Type domain.Question is not enhanced.

[2022-03-29 12:08:20 #3 type] 
Type domain.Event is not enhanced.

[2022-03-29 12:08:20 #4 type] 
Type domain.User is not enhanced.

[2022-03-29 12:08:20 #5 type] 
Type domain.Admin is not enhanced.

[2022-03-29 12:08:20 #6 type] 
Type domain.Result is not enhanced.

