------------------------------------------------------------------------------------------------------------------------

[2022-04-26 11:00:48 #1 store] 
Database 'C:\Users\ibon3\git\Bets21\src\main\resources\bets.temp' is opened by 3388@LAPTOP-60C7DE8B

[2022-04-26 11:00:49 #2 type] 
Type domain.Question is not enhanced.

[2022-04-26 11:00:49 #3 type] 
Type domain.Event is not enhanced.

[2022-04-26 11:00:49 #4 type] 
Type domain.User is not enhanced.

[2022-04-26 11:00:49 #5 type] 
Type domain.Admin is not enhanced.

[2022-04-26 11:00:49 #6 type] 
Type domain.Result is not enhanced.

[2022-04-26 11:00:49 #7 type] 
Type domain.Bet is not enhanced.

[2022-04-26 11:00:49 #8 type] 
Type domain.FinalResult is not enhanced.

------------------------------------------------------------------------------------------------------------------------

[2022-04-26 11:09:50 #1 store] 
Database 'C:\Users\ibon3\git\Bets21\src\main\resources\bets.temp' is opened by 3388@LAPTOP-60C7DE8B

[2022-04-26 11:09:50 #2 type] 
Type domain.Question is not enhanced.

[2022-04-26 11:09:50 #3 type] 
Type domain.Event is not enhanced.

[2022-04-26 11:09:50 #4 type] 
Type domain.User is not enhanced.

[2022-04-26 11:09:50 #5 type] 
Type domain.Admin is not enhanced.

[2022-04-26 11:09:50 #6 type] 
Type domain.Result is not enhanced.

[2022-04-26 11:09:50 #7 type] 
Type domain.Bet is not enhanced.

[2022-04-26 11:09:50 #8 type] 
Type domain.FinalResult is not enhanced.

------------------------------------------------------------------------------------------------------------------------

[2022-04-26 11:11:08 #1 store] 
Database 'C:\Users\ibon3\git\Bets21\src\main\resources\bets.temp' is opened by 9016@LAPTOP-60C7DE8B

[2022-04-26 11:11:08 #2 type] 
Type domain.Question is not enhanced.

[2022-04-26 11:11:08 #3 type] 
Type domain.Event is not enhanced.

[2022-04-26 11:11:08 #4 type] 
Type domain.User is not enhanced.

[2022-04-26 11:11:08 #5 type] 
Type domain.Admin is not enhanced.

[2022-04-26 11:11:08 #6 type] 
Type domain.Result is not enhanced.

[2022-04-26 11:11:08 #7 type] 
Type domain.Bet is not enhanced.

[2022-04-26 11:11:08 #8 type] 
Type domain.FinalResult is not enhanced.

------------------------------------------------------------------------------------------------------------------------

[2022-04-26 11:20:40 #1 store] 
Database 'C:\Users\ibon3\git\Bets21\src\main\resources\bets.temp' is opened by 8516@LAPTOP-60C7DE8B

[2022-04-26 11:20:40 #2 type] 
Type domain.Question is not enhanced.

[2022-04-26 11:20:40 #3 type] 
Type domain.Event is not enhanced.

[2022-04-26 11:20:40 #4 type] 
Type domain.User is not enhanced.

[2022-04-26 11:20:40 #5 type] 
Type domain.Admin is not enhanced.

[2022-04-26 11:20:40 #6 type] 
Type domain.Result is not enhanced.

[2022-04-26 11:20:40 #7 type] 
Type domain.Bet is not enhanced.

[2022-04-26 11:20:40 #8 type] 
Type domain.FinalResult is not enhanced.

------------------------------------------------------------------------------------------------------------------------

[2022-04-26 11:23:39 #1 store] 
Database 'C:\Users\ibon3\git\Bets21\src\main\resources\bets.temp' is opened by 6768@LAPTOP-60C7DE8B

[2022-04-26 11:23:39 #2 type] 
Type domain.Question is not enhanced.

[2022-04-26 11:23:39 #3 type] 
Type domain.Event is not enhanced.

[2022-04-26 11:23:39 #4 type] 
Type domain.User is not enhanced.

[2022-04-26 11:23:39 #5 type] 
Type domain.Admin is not enhanced.

[2022-04-26 11:23:39 #6 type] 
Type domain.Result is not enhanced.

[2022-04-26 11:23:39 #7 type] 
Type domain.Bet is not enhanced.

[2022-04-26 11:23:39 #8 type] 
Type domain.FinalResult is not enhanced.

------------------------------------------------------------------------------------------------------------------------

[2022-04-26 11:29:10 #1 store] 
Database 'C:\Users\ibon3\git\Bets21\src\main\resources\bets.temp' has been recovered (tr. 467-481)

[2022-04-26 11:29:10 #2 store] 
Database 'C:\Users\ibon3\git\Bets21\src\main\resources\bets.temp' is opened by 1612@LAPTOP-60C7DE8B

[2022-04-26 11:29:10 #3 type] 
Type domain.Question is not enhanced.

[2022-04-26 11:29:10 #4 type] 
Type domain.Event is not enhanced.

[2022-04-26 11:29:10 #5 type] 
Type domain.User is not enhanced.

[2022-04-26 11:29:10 #6 type] 
Type domain.Admin is not enhanced.

[2022-04-26 11:29:10 #7 type] 
Type domain.Result is not enhanced.

[2022-04-26 11:29:10 #8 type] 
Type domain.Bet is not enhanced.

[2022-04-26 11:29:10 #9 type] 
Type domain.FinalResult is not enhanced.

------------------------------------------------------------------------------------------------------------------------

[2022-04-26 11:34:22 #1 store] 
Database 'C:\Users\ibon3\git\Bets21\src\main\resources\bets.temp' is opened by 15280@LAPTOP-60C7DE8B

[2022-04-26 11:34:23 #2 type] 
Type domain.Question is not enhanced.

[2022-04-26 11:34:23 #3 type] 
Type domain.Event is not enhanced.

[2022-04-26 11:34:23 #4 type] 
Type domain.User is not enhanced.

[2022-04-26 11:34:23 #5 type] 
Type domain.Admin is not enhanced.

[2022-04-26 11:34:23 #6 type] 
Type domain.Result is not enhanced.

[2022-04-26 11:34:23 #7 type] 
Type domain.Bet is not enhanced.

[2022-04-26 11:34:23 #8 type] 
Type domain.FinalResult is not enhanced.

------------------------------------------------------------------------------------------------------------------------

[2022-04-26 11:45:18 #1 store] 
Database 'C:\Users\ibon3\git\Bets21\src\main\resources\bets.temp' has been recovered (tr. 573-589)

[2022-04-26 11:45:19 #2 store] 
Database 'C:\Users\ibon3\git\Bets21\src\main\resources\bets.temp' is opened by 16224@LAPTOP-60C7DE8B

[2022-04-26 11:45:19 #3 type] 
Type domain.Question is not enhanced.

[2022-04-26 11:45:19 #4 type] 
Type domain.Event is not enhanced.

[2022-04-26 11:45:19 #5 type] 
Type domain.User is not enhanced.

[2022-04-26 11:45:19 #6 type] 
Type domain.Admin is not enhanced.

[2022-04-26 11:45:19 #7 type] 
Type domain.Result is not enhanced.

[2022-04-26 11:45:19 #8 type] 
Type domain.Bet is not enhanced.

[2022-04-26 11:45:19 #9 type] 
Type domain.FinalResult is not enhanced.

------------------------------------------------------------------------------------------------------------------------

[2022-04-26 11:51:24 #1 store] 
Database 'C:\Users\ibon3\git\Bets21\src\main\resources\bets.temp' is opened by 16224@LAPTOP-60C7DE8B

[2022-04-26 11:51:24 #2 type] 
Type domain.Question is not enhanced.

[2022-04-26 11:51:24 #3 type] 
Type domain.Event is not enhanced.

[2022-04-26 11:51:24 #4 type] 
Type domain.User is not enhanced.

[2022-04-26 11:51:24 #5 type] 
Type domain.Admin is not enhanced.

[2022-04-26 11:51:24 #6 type] 
Type domain.Result is not enhanced.

[2022-04-26 11:51:24 #7 type] 
Type domain.Bet is not enhanced.

[2022-04-26 11:51:24 #8 type] 
Type domain.FinalResult is not enhanced.

------------------------------------------------------------------------------------------------------------------------

[2022-04-26 11:52:20 #1 store] 
Database 'C:\Users\ibon3\git\Bets21\src\main\resources\bets.temp' is opened by 10048@LAPTOP-60C7DE8B

[2022-04-26 11:52:20 #2 type] 
Type domain.Question is not enhanced.

[2022-04-26 11:52:20 #3 type] 
Type domain.Event is not enhanced.

[2022-04-26 11:52:20 #4 type] 
Type domain.User is not enhanced.

[2022-04-26 11:52:20 #5 type] 
Type domain.Admin is not enhanced.

[2022-04-26 11:52:20 #6 type] 
Type domain.Result is not enhanced.

[2022-04-26 11:52:20 #7 type] 
Type domain.Bet is not enhanced.

[2022-04-26 11:52:20 #8 type] 
Type domain.FinalResult is not enhanced.

------------------------------------------------------------------------------------------------------------------------

[2022-04-26 11:55:50 #1 store] 
Database 'C:\Users\ibon3\git\Bets21\src\main\resources\bets.temp' is opened by 5848@LAPTOP-60C7DE8B

[2022-04-26 11:55:51 #2 type] 
Type domain.Question is not enhanced.

[2022-04-26 11:55:51 #3 type] 
Type domain.Event is not enhanced.

[2022-04-26 11:55:51 #4 type] 
Type domain.User is not enhanced.

[2022-04-26 11:55:51 #5 type] 
Type domain.Admin is not enhanced.

[2022-04-26 11:55:51 #6 type] 
Type domain.Result is not enhanced.

[2022-04-26 11:55:51 #7 type] 
Type domain.Bet is not enhanced.

[2022-04-26 11:55:51 #8 type] 
Type domain.FinalResult is not enhanced.

------------------------------------------------------------------------------------------------------------------------

[2022-04-26 11:58:02 #1 store] 
Database 'C:\Users\ibon3\git\Bets21\src\main\resources\bets.temp' is opened by 11380@LAPTOP-60C7DE8B

[2022-04-26 11:58:02 #2 type] 
Type domain.Question is not enhanced.

[2022-04-26 11:58:02 #3 type] 
Type domain.Event is not enhanced.

[2022-04-26 11:58:02 #4 type] 
Type domain.User is not enhanced.

[2022-04-26 11:58:02 #5 type] 
Type domain.Admin is not enhanced.

[2022-04-26 11:58:02 #6 type] 
Type domain.Result is not enhanced.

[2022-04-26 11:58:02 #7 type] 
Type domain.Bet is not enhanced.

[2022-04-26 11:58:02 #8 type] 
Type domain.FinalResult is not enhanced.

