------------------------------------------------------------------------------------------------------------------------

[2022-04-05 11:08:33 #1 store] 
Database 'C:\Users\ibon3\git\Bets21\src\main\resources\bets.temp' is opened by 3412@LAPTOP-60C7DE8B

[2022-04-05 11:08:34 #2 type] 
Type domain.Question is not enhanced.

[2022-04-05 11:08:34 #3 type] 
Type domain.Event is not enhanced.

[2022-04-05 11:08:34 #4 type] 
Type domain.User is not enhanced.

[2022-04-05 11:08:34 #5 type] 
Type domain.Admin is not enhanced.

[2022-04-05 11:08:34 #6 type] 
Type domain.Result is not enhanced.

[2022-04-05 11:08:34 #7 type] 
Type domain.Bet is not enhanced.

------------------------------------------------------------------------------------------------------------------------

[2022-04-05 11:15:58 #1 store] 
Database 'C:\Users\ibon3\git\Bets21\src\main\resources\bets.temp' has been recovered (tr. 309-310)

[2022-04-05 11:15:58 #2 store] 
Database 'C:\Users\ibon3\git\Bets21\src\main\resources\bets.temp' is opened by 6764@LAPTOP-60C7DE8B

[2022-04-05 11:15:58 #3 type] 
Type domain.Question is not enhanced.

[2022-04-05 11:15:58 #4 type] 
Type domain.Event is not enhanced.

[2022-04-05 11:15:58 #5 type] 
Type domain.User is not enhanced.

[2022-04-05 11:15:58 #6 type] 
Type domain.Admin is not enhanced.

[2022-04-05 11:15:58 #7 type] 
Type domain.Result is not enhanced.

[2022-04-05 11:15:58 #8 type] 
Type domain.Bet is not enhanced.

------------------------------------------------------------------------------------------------------------------------

[2022-04-05 15:13:52 #1 store] 
Database 'C:\Users\ibon3\git\Bets21\src\main\resources\bets.temp' has been recovered (tr. 311-313)

[2022-04-05 15:13:53 #2 store] 
Database 'C:\Users\ibon3\git\Bets21\src\main\resources\bets.temp' is opened by 17780@LAPTOP-60C7DE8B

[2022-04-05 15:13:53 #3 type] 
Type domain.Question is not enhanced.

[2022-04-05 15:13:53 #4 type] 
Type domain.Event is not enhanced.

[2022-04-05 15:13:53 #5 type] 
Type domain.User is not enhanced.

[2022-04-05 15:13:53 #6 type] 
Type domain.Admin is not enhanced.

[2022-04-05 15:13:53 #7 type] 
Type domain.Result is not enhanced.

[2022-04-05 15:13:53 #8 type] 
Type domain.Bet is not enhanced.

------------------------------------------------------------------------------------------------------------------------

[2022-04-05 15:14:23 #1 store] 
Database 'C:\Users\ibon3\git\Bets21\src\main\resources\bets.temp' is opened by 14984@LAPTOP-60C7DE8B

[2022-04-05 15:14:24 #2 type] 
Type domain.Question is not enhanced.

[2022-04-05 15:14:24 #3 type] 
Type domain.Event is not enhanced.

[2022-04-05 15:14:24 #4 type] 
Type domain.User is not enhanced.

[2022-04-05 15:14:24 #5 type] 
Type domain.Admin is not enhanced.

[2022-04-05 15:14:24 #6 type] 
Type domain.Result is not enhanced.

[2022-04-05 15:14:24 #7 type] 
Type domain.Bet is not enhanced.

------------------------------------------------------------------------------------------------------------------------

[2022-04-05 15:21:58 #1 store] 
Database 'C:\Users\ibon3\git\Bets21\src\main\resources\bets.temp' has been recovered (tr. 314-321)

[2022-04-05 15:21:59 #2 store] 
Database 'C:\Users\ibon3\git\Bets21\src\main\resources\bets.temp' is opened by 16664@LAPTOP-60C7DE8B

[2022-04-05 15:21:59 #3 type] 
Type domain.Question is not enhanced.

[2022-04-05 15:21:59 #4 type] 
Type domain.Event is not enhanced.

[2022-04-05 15:21:59 #5 type] 
Type domain.User is not enhanced.

[2022-04-05 15:21:59 #6 type] 
Type domain.Admin is not enhanced.

[2022-04-05 15:21:59 #7 type] 
Type domain.Result is not enhanced.

[2022-04-05 15:21:59 #8 type] 
Type domain.Bet is not enhanced.

------------------------------------------------------------------------------------------------------------------------

[2022-04-05 16:16:05 #1 store] 
Database 'C:\Users\ibon3\git\Bets21\src\main\resources\bets.temp' has been recovered (tr. 322-330)

[2022-04-05 16:16:05 #2 store] 
Database 'C:\Users\ibon3\git\Bets21\src\main\resources\bets.temp' is opened by 17104@LAPTOP-60C7DE8B

[2022-04-05 16:16:05 #3 type] 
Type domain.Question is not enhanced.

[2022-04-05 16:16:05 #4 type] 
Type domain.Event is not enhanced.

[2022-04-05 16:16:05 #5 type] 
Type domain.User is not enhanced.

[2022-04-05 16:16:05 #6 type] 
Type domain.Admin is not enhanced.

[2022-04-05 16:16:05 #7 type] 
Type domain.Result is not enhanced.

[2022-04-05 16:16:05 #8 type] 
Type domain.Bet is not enhanced.

------------------------------------------------------------------------------------------------------------------------

[2022-04-05 16:19:48 #1 store] 
Database 'C:\Users\ibon3\git\Bets21\src\main\resources\bets.temp' has been recovered (tr. 331-331)

[2022-04-05 16:19:48 #2 store] 
Database 'C:\Users\ibon3\git\Bets21\src\main\resources\bets.temp' is opened by 8424@LAPTOP-60C7DE8B

[2022-04-05 16:19:49 #3 type] 
Type domain.Question is not enhanced.

[2022-04-05 16:19:49 #4 type] 
Type domain.Event is not enhanced.

[2022-04-05 16:19:49 #5 type] 
Type domain.User is not enhanced.

[2022-04-05 16:19:49 #6 type] 
Type domain.Admin is not enhanced.

[2022-04-05 16:19:49 #7 type] 
Type domain.Result is not enhanced.

[2022-04-05 16:19:49 #8 type] 
Type domain.Bet is not enhanced.

