------------------------------------------------------------------------------------------------------------------------

[2022-03-06 12:43:03 #1 store] 
Database 'C:\Users\ibon3\git\Bets21\src\main\resources\bets.temp' is opened by 14428@LAPTOP-60C7DE8B

[2022-03-06 12:43:03 #2 type] 
Type domain.Question is not enhanced.

[2022-03-06 12:43:03 #3 type] 
Type domain.Event is not enhanced.

[2022-03-06 12:43:03 #4 type] 
Type domain.User is not enhanced.

[2022-03-06 12:43:03 #5 type] 
Type domain.Admin is not enhanced.

------------------------------------------------------------------------------------------------------------------------

[2022-03-06 13:09:41 #1 store] 
Database 'C:\Users\ibon3\git\Bets21\src\main\resources\bets.temp' is opened by 2968@LAPTOP-60C7DE8B

[2022-03-06 13:09:41 #2 type] 
Type domain.Question is not enhanced.

[2022-03-06 13:09:41 #3 type] 
Type domain.Event is not enhanced.

[2022-03-06 13:09:41 #4 type] 
Type domain.User is not enhanced.

[2022-03-06 13:09:41 #5 type] 
Type domain.Admin is not enhanced.

------------------------------------------------------------------------------------------------------------------------

[2022-03-06 13:12:13 #1 store] 
Database 'C:\Users\ibon3\git\Bets21\src\main\resources\bets.temp' is opened by 8648@LAPTOP-60C7DE8B

[2022-03-06 13:12:13 #2 type] 
Type domain.Question is not enhanced.

[2022-03-06 13:12:13 #3 type] 
Type domain.Event is not enhanced.

[2022-03-06 13:12:13 #4 type] 
Type domain.User is not enhanced.

[2022-03-06 13:12:13 #5 type] 
Type domain.Admin is not enhanced.

------------------------------------------------------------------------------------------------------------------------

[2022-03-06 13:12:30 #1 store] 
Database 'C:\Users\ibon3\git\Bets21\src\main\resources\bets.temp' is opened by 15564@LAPTOP-60C7DE8B

[2022-03-06 13:12:31 #2 type] 
Type domain.Question is not enhanced.

[2022-03-06 13:12:31 #3 type] 
Type domain.Event is not enhanced.

[2022-03-06 13:12:31 #4 type] 
Type domain.User is not enhanced.

[2022-03-06 13:12:31 #5 type] 
Type domain.Admin is not enhanced.

------------------------------------------------------------------------------------------------------------------------

[2022-03-06 13:12:39 #1 store] 
Database 'C:\Users\ibon3\git\Bets21\src\main\resources\bets.temp' is opened by 9348@LAPTOP-60C7DE8B

[2022-03-06 13:12:39 #2 type] 
Type domain.Question is not enhanced.

[2022-03-06 13:12:39 #3 type] 
Type domain.Event is not enhanced.

[2022-03-06 13:12:39 #4 type] 
Type domain.User is not enhanced.

[2022-03-06 13:12:39 #5 type] 
Type domain.Admin is not enhanced.

------------------------------------------------------------------------------------------------------------------------

[2022-03-06 13:15:41 #1 store] 
Database 'C:\Users\ibon3\git\Bets21\src\main\resources\bets.temp' is opened by 3924@LAPTOP-60C7DE8B

[2022-03-06 13:15:41 #2 type] 
Type domain.Question is not enhanced.

[2022-03-06 13:15:41 #3 type] 
Type domain.Event is not enhanced.

[2022-03-06 13:15:41 #4 type] 
Type domain.User is not enhanced.

[2022-03-06 13:15:41 #5 type] 
Type domain.Admin is not enhanced.

------------------------------------------------------------------------------------------------------------------------

[2022-03-06 13:16:15 #1 store] 
Database 'C:\Users\ibon3\git\Bets21\src\main\resources\bets.temp' is opened by 9820@LAPTOP-60C7DE8B

[2022-03-06 13:16:15 #2 type] 
Type domain.Question is not enhanced.

[2022-03-06 13:16:15 #3 type] 
Type domain.Event is not enhanced.

[2022-03-06 13:16:15 #4 type] 
Type domain.User is not enhanced.

[2022-03-06 13:16:15 #5 type] 
Type domain.Admin is not enhanced.

------------------------------------------------------------------------------------------------------------------------

[2022-03-06 13:19:05 #1 store] 
Database 'C:\Users\ibon3\git\Bets21\src\main\resources\bets.temp' is opened by 8052@LAPTOP-60C7DE8B

[2022-03-06 13:19:05 #2 type] 
Type domain.Question is not enhanced.

[2022-03-06 13:19:05 #3 type] 
Type domain.Event is not enhanced.

[2022-03-06 13:19:05 #4 type] 
Type domain.User is not enhanced.

[2022-03-06 13:19:05 #5 type] 
Type domain.Admin is not enhanced.

------------------------------------------------------------------------------------------------------------------------

[2022-03-06 13:20:17 #1 store] 
Database 'C:\Users\ibon3\git\Bets21\src\main\resources\bets.temp' is opened by 8568@LAPTOP-60C7DE8B

[2022-03-06 13:20:17 #2 type] 
Type domain.Question is not enhanced.

[2022-03-06 13:20:17 #3 type] 
Type domain.Event is not enhanced.

[2022-03-06 13:20:17 #4 type] 
Type domain.User is not enhanced.

[2022-03-06 13:20:17 #5 type] 
Type domain.Admin is not enhanced.

------------------------------------------------------------------------------------------------------------------------

[2022-03-06 13:20:55 #1 store] 
Database 'C:\Users\ibon3\git\Bets21\src\main\resources\bets.temp' is opened by 16188@LAPTOP-60C7DE8B

[2022-03-06 13:20:55 #2 type] 
Type domain.Question is not enhanced.

[2022-03-06 13:20:55 #3 type] 
Type domain.Event is not enhanced.

[2022-03-06 13:20:55 #4 type] 
Type domain.User is not enhanced.

[2022-03-06 13:20:55 #5 type] 
Type domain.Admin is not enhanced.

------------------------------------------------------------------------------------------------------------------------

[2022-03-06 13:21:24 #1 store] 
Database 'C:\Users\ibon3\git\Bets21\src\main\resources\bets.temp' is opened by 11752@LAPTOP-60C7DE8B

[2022-03-06 13:21:25 #2 type] 
Type domain.Question is not enhanced.

[2022-03-06 13:21:25 #3 type] 
Type domain.Event is not enhanced.

[2022-03-06 13:21:25 #4 type] 
Type domain.User is not enhanced.

[2022-03-06 13:21:25 #5 type] 
Type domain.Admin is not enhanced.

------------------------------------------------------------------------------------------------------------------------

[2022-03-06 13:23:53 #1 store] 
Database 'C:\Users\ibon3\git\Bets21\src\main\resources\bets.temp' is opened by 11208@LAPTOP-60C7DE8B

[2022-03-06 13:23:53 #2 type] 
Type domain.Question is not enhanced.

[2022-03-06 13:23:53 #3 type] 
Type domain.Event is not enhanced.

[2022-03-06 13:23:53 #4 type] 
Type domain.User is not enhanced.

[2022-03-06 13:23:53 #5 type] 
Type domain.Admin is not enhanced.

------------------------------------------------------------------------------------------------------------------------

[2022-03-06 13:24:39 #1 store] 
Database 'C:\Users\ibon3\git\Bets21\src\main\resources\bets.temp' is opened by 8324@LAPTOP-60C7DE8B

[2022-03-06 13:24:40 #2 type] 
Type domain.Question is not enhanced.

[2022-03-06 13:24:40 #3 type] 
Type domain.Event is not enhanced.

[2022-03-06 13:24:40 #4 type] 
Type domain.User is not enhanced.

[2022-03-06 13:24:40 #5 type] 
Type domain.Admin is not enhanced.

------------------------------------------------------------------------------------------------------------------------

[2022-03-06 13:25:05 #1 store] 
Database 'C:\Users\ibon3\git\Bets21\src\main\resources\bets.temp' is opened by 15564@LAPTOP-60C7DE8B

[2022-03-06 13:25:05 #2 type] 
Type domain.Question is not enhanced.

[2022-03-06 13:25:05 #3 type] 
Type domain.Event is not enhanced.

[2022-03-06 13:25:05 #4 type] 
Type domain.User is not enhanced.

[2022-03-06 13:25:05 #5 type] 
Type domain.Admin is not enhanced.

------------------------------------------------------------------------------------------------------------------------

[2022-03-06 13:26:05 #1 store] 
Database 'C:\Users\ibon3\git\Bets21\src\main\resources\bets.temp' is opened by 6864@LAPTOP-60C7DE8B

[2022-03-06 13:26:05 #2 type] 
Type domain.Question is not enhanced.

[2022-03-06 13:26:05 #3 type] 
Type domain.Event is not enhanced.

[2022-03-06 13:26:05 #4 type] 
Type domain.User is not enhanced.

[2022-03-06 13:26:05 #5 type] 
Type domain.Admin is not enhanced.

------------------------------------------------------------------------------------------------------------------------

[2022-03-06 13:27:35 #1 store] 
Database 'C:\Users\ibon3\git\Bets21\src\main\resources\bets.temp' is opened by 14468@LAPTOP-60C7DE8B

[2022-03-06 13:27:35 #2 type] 
Type domain.Question is not enhanced.

[2022-03-06 13:27:35 #3 type] 
Type domain.Event is not enhanced.

[2022-03-06 13:27:35 #4 type] 
Type domain.User is not enhanced.

[2022-03-06 13:27:35 #5 type] 
Type domain.Admin is not enhanced.

------------------------------------------------------------------------------------------------------------------------

[2022-03-06 13:29:01 #1 store] 
Database 'C:\Users\ibon3\git\Bets21\src\main\resources\bets.temp' is opened by 1512@LAPTOP-60C7DE8B

[2022-03-06 13:29:01 #2 type] 
Type domain.Question is not enhanced.

[2022-03-06 13:29:01 #3 type] 
Type domain.Event is not enhanced.

[2022-03-06 13:29:01 #4 type] 
Type domain.User is not enhanced.

[2022-03-06 13:29:01 #5 type] 
Type domain.Admin is not enhanced.

------------------------------------------------------------------------------------------------------------------------

[2022-03-06 13:31:27 #1 store] 
Database 'C:\Users\ibon3\git\Bets21\src\main\resources\bets.temp' has been recovered (tr. 12-12)

[2022-03-06 13:31:27 #2 store] 
Database 'C:\Users\ibon3\git\Bets21\src\main\resources\bets.temp' is opened by 9096@LAPTOP-60C7DE8B

[2022-03-06 13:31:28 #3 type] 
Type domain.Question is not enhanced.

[2022-03-06 13:31:28 #4 type] 
Type domain.Event is not enhanced.

[2022-03-06 13:31:28 #5 type] 
Type domain.User is not enhanced.

[2022-03-06 13:31:28 #6 type] 
Type domain.Admin is not enhanced.

------------------------------------------------------------------------------------------------------------------------

[2022-03-06 14:06:51 #1 store] 
Database 'C:\Users\ibon3\git\Bets21\src\main\resources\bets.temp' has been recovered (tr. 13-14)

[2022-03-06 14:06:51 #2 store] 
Database 'C:\Users\ibon3\git\Bets21\src\main\resources\bets.temp' is opened by 14660@LAPTOP-60C7DE8B

[2022-03-06 14:06:52 #3 type] 
Type domain.Question is not enhanced.

[2022-03-06 14:06:52 #4 type] 
Type domain.Event is not enhanced.

[2022-03-06 14:06:52 #5 type] 
Type domain.User is not enhanced.

[2022-03-06 14:06:52 #6 type] 
Type domain.Admin is not enhanced.

------------------------------------------------------------------------------------------------------------------------

[2022-03-06 14:09:00 #1 store] 
Database 'C:\Users\ibon3\git\Bets21\src\main\resources\bets.temp' has been recovered (tr. 15-15)

[2022-03-06 14:09:01 #2 store] 
Database 'C:\Users\ibon3\git\Bets21\src\main\resources\bets.temp' is opened by 4904@LAPTOP-60C7DE8B

[2022-03-06 14:09:01 #3 type] 
Type domain.Question is not enhanced.

[2022-03-06 14:09:01 #4 type] 
Type domain.Event is not enhanced.

[2022-03-06 14:09:01 #5 type] 
Type domain.User is not enhanced.

[2022-03-06 14:09:01 #6 type] 
Type domain.Admin is not enhanced.

------------------------------------------------------------------------------------------------------------------------

[2022-03-06 14:12:08 #1 store] 
Database 'C:\Users\ibon3\git\Bets21\src\main\resources\bets.temp' is opened by 4648@LAPTOP-60C7DE8B

[2022-03-06 14:12:09 #2 type] 
Type domain.Question is not enhanced.

[2022-03-06 14:12:09 #3 type] 
Type domain.Event is not enhanced.

[2022-03-06 14:12:09 #4 type] 
Type domain.User is not enhanced.

[2022-03-06 14:12:09 #5 type] 
Type domain.Admin is not enhanced.

------------------------------------------------------------------------------------------------------------------------

[2022-03-06 14:13:51 #1 store] 
Database 'C:\Users\ibon3\git\Bets21\src\main\resources\bets.temp' is opened by 9232@LAPTOP-60C7DE8B

[2022-03-06 14:13:51 #2 type] 
Type domain.Question is not enhanced.

[2022-03-06 14:13:51 #3 type] 
Type domain.Event is not enhanced.

[2022-03-06 14:13:51 #4 type] 
Type domain.User is not enhanced.

[2022-03-06 14:13:51 #5 type] 
Type domain.Admin is not enhanced.

------------------------------------------------------------------------------------------------------------------------

[2022-03-06 14:16:43 #1 store] 
Database 'C:\Users\ibon3\git\Bets21\src\main\resources\bets.temp' is opened by 15412@LAPTOP-60C7DE8B

[2022-03-06 14:16:43 #2 type] 
Type domain.Question is not enhanced.

[2022-03-06 14:16:43 #3 type] 
Type domain.Event is not enhanced.

[2022-03-06 14:16:43 #4 type] 
Type domain.User is not enhanced.

[2022-03-06 14:16:43 #5 type] 
Type domain.Admin is not enhanced.

------------------------------------------------------------------------------------------------------------------------

[2022-03-06 14:16:53 #1 store] 
Database 'C:\Users\ibon3\git\Bets21\src\main\resources\bets.temp' is opened by 13056@LAPTOP-60C7DE8B

[2022-03-06 14:16:53 #2 type] 
Type domain.Question is not enhanced.

[2022-03-06 14:16:53 #3 type] 
Type domain.Event is not enhanced.

[2022-03-06 14:16:53 #4 type] 
Type domain.User is not enhanced.

[2022-03-06 14:16:53 #5 type] 
Type domain.Admin is not enhanced.

------------------------------------------------------------------------------------------------------------------------

[2022-03-06 14:17:52 #1 store] 
Database 'C:\Users\ibon3\git\Bets21\src\main\resources\bets.temp' is opened by 1916@LAPTOP-60C7DE8B

[2022-03-06 14:17:52 #2 type] 
Type domain.Question is not enhanced.

[2022-03-06 14:17:52 #3 type] 
Type domain.Event is not enhanced.

[2022-03-06 14:17:52 #4 type] 
Type domain.User is not enhanced.

[2022-03-06 14:17:52 #5 type] 
Type domain.Admin is not enhanced.

------------------------------------------------------------------------------------------------------------------------

[2022-03-06 14:17:57 #1 store] 
Database 'C:\Users\ibon3\git\Bets21\src\main\resources\bets.temp' is opened by 15220@LAPTOP-60C7DE8B

[2022-03-06 14:17:57 #2 type] 
Type domain.Question is not enhanced.

[2022-03-06 14:17:57 #3 type] 
Type domain.Event is not enhanced.

[2022-03-06 14:17:57 #4 type] 
Type domain.User is not enhanced.

[2022-03-06 14:17:57 #5 type] 
Type domain.Admin is not enhanced.

------------------------------------------------------------------------------------------------------------------------

[2022-03-06 14:27:00 #1 store] 
Database 'C:\Users\ibon3\git\Bets21\src\main\resources\bets.temp' is opened by 14444@LAPTOP-60C7DE8B

[2022-03-06 14:27:00 #2 type] 
Type domain.Question is not enhanced.

[2022-03-06 14:27:00 #3 type] 
Type domain.Event is not enhanced.

[2022-03-06 14:27:00 #4 type] 
Type domain.User is not enhanced.

[2022-03-06 14:27:00 #5 type] 
Type domain.Admin is not enhanced.

------------------------------------------------------------------------------------------------------------------------

[2022-03-06 14:28:33 #1 store] 
Database 'C:\Users\ibon3\git\Bets21\src\main\resources\bets.temp' is opened by 7352@LAPTOP-60C7DE8B

[2022-03-06 14:28:33 #2 type] 
Type domain.Question is not enhanced.

[2022-03-06 14:28:33 #3 type] 
Type domain.Event is not enhanced.

[2022-03-06 14:28:33 #4 type] 
Type domain.User is not enhanced.

[2022-03-06 14:28:33 #5 type] 
Type domain.Admin is not enhanced.

------------------------------------------------------------------------------------------------------------------------

[2022-03-06 14:32:21 #1 store] 
Database 'C:\Users\ibon3\git\Bets21\src\main\resources\bets.temp' is opened by 12008@LAPTOP-60C7DE8B

[2022-03-06 14:32:21 #2 type] 
Type domain.Question is not enhanced.

[2022-03-06 14:32:21 #3 type] 
Type domain.Event is not enhanced.

[2022-03-06 14:32:21 #4 type] 
Type domain.User is not enhanced.

[2022-03-06 14:32:21 #5 type] 
Type domain.Admin is not enhanced.

------------------------------------------------------------------------------------------------------------------------

[2022-03-06 14:33:31 #1 store] 
Database 'C:\Users\ibon3\git\Bets21\src\main\resources\bets.temp' is opened by 4980@LAPTOP-60C7DE8B

[2022-03-06 14:33:31 #2 type] 
Type domain.Question is not enhanced.

[2022-03-06 14:33:31 #3 type] 
Type domain.Event is not enhanced.

[2022-03-06 14:33:31 #4 type] 
Type domain.User is not enhanced.

[2022-03-06 14:33:31 #5 type] 
Type domain.Admin is not enhanced.

------------------------------------------------------------------------------------------------------------------------

[2022-03-06 14:36:53 #1 store] 
Database 'C:\Users\ibon3\git\Bets21\src\main\resources\bets.temp' has been recovered (tr. 16-16)

[2022-03-06 14:36:53 #2 store] 
Database 'C:\Users\ibon3\git\Bets21\src\main\resources\bets.temp' is opened by 8052@LAPTOP-60C7DE8B

[2022-03-06 14:36:53 #3 type] 
Type domain.Question is not enhanced.

[2022-03-06 14:36:53 #4 type] 
Type domain.Event is not enhanced.

[2022-03-06 14:36:53 #5 type] 
Type domain.User is not enhanced.

[2022-03-06 14:36:53 #6 type] 
Type domain.Admin is not enhanced.

------------------------------------------------------------------------------------------------------------------------

[2022-03-06 14:37:12 #1 store] 
Database 'C:\Users\ibon3\git\Bets21\src\main\resources\bets.temp' is opened by 15128@LAPTOP-60C7DE8B

[2022-03-06 14:37:12 #2 type] 
Type domain.Question is not enhanced.

[2022-03-06 14:37:12 #3 type] 
Type domain.Event is not enhanced.

[2022-03-06 14:37:12 #4 type] 
Type domain.User is not enhanced.

[2022-03-06 14:37:12 #5 type] 
Type domain.Admin is not enhanced.

------------------------------------------------------------------------------------------------------------------------

[2022-03-06 14:44:53 #1 store] 
Database 'C:\Users\ibon3\git\Bets21\src\main\resources\bets.temp' is opened by 14232@LAPTOP-60C7DE8B

[2022-03-06 14:44:54 #2 type] 
Type domain.Question is not enhanced.

[2022-03-06 14:44:54 #3 type] 
Type domain.Event is not enhanced.

[2022-03-06 14:44:54 #4 type] 
Type domain.User is not enhanced.

[2022-03-06 14:44:54 #5 type] 
Type domain.Admin is not enhanced.

------------------------------------------------------------------------------------------------------------------------

[2022-03-06 14:45:52 #1 store] 
Database 'C:\Users\ibon3\git\Bets21\src\main\resources\bets.temp' is opened by 14700@LAPTOP-60C7DE8B

[2022-03-06 14:45:52 #2 type] 
Type domain.Question is not enhanced.

[2022-03-06 14:45:52 #3 type] 
Type domain.Event is not enhanced.

[2022-03-06 14:45:52 #4 type] 
Type domain.User is not enhanced.

[2022-03-06 14:45:52 #5 type] 
Type domain.Admin is not enhanced.

------------------------------------------------------------------------------------------------------------------------

[2022-03-06 14:48:06 #1 store] 
Database 'C:\Users\ibon3\git\Bets21\src\main\resources\bets.temp' is opened by 13320@LAPTOP-60C7DE8B

[2022-03-06 14:48:06 #2 type] 
Type domain.Question is not enhanced.

[2022-03-06 14:48:06 #3 type] 
Type domain.Event is not enhanced.

[2022-03-06 14:48:06 #4 type] 
Type domain.User is not enhanced.

[2022-03-06 14:48:06 #5 type] 
Type domain.Admin is not enhanced.

------------------------------------------------------------------------------------------------------------------------

[2022-03-06 21:13:47 #1 store] 
Database 'C:\Users\ibon3\git\Bets21\src\main\resources\bets.temp' is opened by 16192@LAPTOP-60C7DE8B

[2022-03-06 21:13:47 #2 type] 
Type domain.Question is not enhanced.

[2022-03-06 21:13:47 #3 type] 
Type domain.Event is not enhanced.

[2022-03-06 21:13:47 #4 type] 
Type domain.User is not enhanced.

[2022-03-06 21:13:47 #5 type] 
Type domain.Admin is not enhanced.

------------------------------------------------------------------------------------------------------------------------

[2022-03-06 21:27:48 #1 store] 
Database 'C:\Users\ibon3\git\Bets21\src\main\resources\bets.temp' has been recovered (tr. 17-18)

[2022-03-06 21:27:48 #2 store] 
Database 'C:\Users\ibon3\git\Bets21\src\main\resources\bets.temp' is opened by 3720@LAPTOP-60C7DE8B

[2022-03-06 21:27:48 #3 type] 
Type domain.Question is not enhanced.

[2022-03-06 21:27:48 #4 type] 
Type domain.Event is not enhanced.

[2022-03-06 21:27:48 #5 type] 
Type domain.User is not enhanced.

[2022-03-06 21:27:48 #6 type] 
Type domain.Admin is not enhanced.

------------------------------------------------------------------------------------------------------------------------

[2022-03-06 21:30:00 #1 store] 
Database 'C:\Users\ibon3\git\Bets21\src\main\resources\bets.temp' is opened by 4700@LAPTOP-60C7DE8B

[2022-03-06 21:30:00 #2 type] 
Type domain.Question is not enhanced.

[2022-03-06 21:30:00 #3 type] 
Type domain.Event is not enhanced.

[2022-03-06 21:30:00 #4 type] 
Type domain.User is not enhanced.

[2022-03-06 21:30:00 #5 type] 
Type domain.Admin is not enhanced.

