------------------------------------------------------------------------------------------------------------------------

[2022-03-08 12:51:33 #1 store] 
Database 'C:\Users\ibon3\git\Bets21\src\main\resources\bets.temp' is opened by 17292@LAPTOP-60C7DE8B

[2022-03-08 12:51:33 #2 type] 
Type domain.Question is not enhanced.

[2022-03-08 12:51:33 #3 type] 
Type domain.Event is not enhanced.

[2022-03-08 12:51:33 #4 type] 
Type domain.User is not enhanced.

[2022-03-08 12:51:33 #5 type] 
Type domain.Admin is not enhanced.

[2022-03-08 12:51:33 #6 type] 
Type domain.Result is not enhanced.

------------------------------------------------------------------------------------------------------------------------

[2022-03-08 20:31:55 #1 store] 
Database 'C:\Users\ibon3\git\Bets21\src\main\resources\bets.temp' has been recovered (tr. 62-63)

[2022-03-08 20:31:55 #2 store] 
Database 'C:\Users\ibon3\git\Bets21\src\main\resources\bets.temp' is opened by 2940@LAPTOP-60C7DE8B

[2022-03-08 20:31:55 #3 type] 
Type domain.Question is not enhanced.

[2022-03-08 20:31:55 #4 type] 
Type domain.Event is not enhanced.

[2022-03-08 20:31:55 #5 type] 
Type domain.User is not enhanced.

[2022-03-08 20:31:55 #6 type] 
Type domain.Admin is not enhanced.

[2022-03-08 20:31:55 #7 type] 
Type domain.Result is not enhanced.

------------------------------------------------------------------------------------------------------------------------

[2022-03-08 20:49:10 #1 store] 
Database 'C:\Users\ibon3\git\Bets21\src\main\resources\bets.temp' is opened by 15272@LAPTOP-60C7DE8B

[2022-03-08 20:49:10 #2 type] 
Type domain.Question is not enhanced.

[2022-03-08 20:49:10 #3 type] 
Type domain.Event is not enhanced.

[2022-03-08 20:49:10 #4 type] 
Type domain.User is not enhanced.

[2022-03-08 20:49:10 #5 type] 
Type domain.Admin is not enhanced.

[2022-03-08 20:49:10 #6 type] 
Type domain.Result is not enhanced.

------------------------------------------------------------------------------------------------------------------------

[2022-03-08 20:58:04 #1 store] 
Database 'C:\Users\ibon3\git\Bets21\src\main\resources\bets.temp' is opened by 2720@LAPTOP-60C7DE8B

[2022-03-08 20:58:04 #2 type] 
Type domain.Question is not enhanced.

[2022-03-08 20:58:04 #3 type] 
Type domain.Event is not enhanced.

[2022-03-08 20:58:04 #4 type] 
Type domain.User is not enhanced.

[2022-03-08 20:58:04 #5 type] 
Type domain.Admin is not enhanced.

[2022-03-08 20:58:04 #6 type] 
Type domain.Result is not enhanced.

------------------------------------------------------------------------------------------------------------------------

[2022-03-08 20:59:26 #1 store] 
Database 'C:\Users\ibon3\git\Bets21\src\main\resources\bets.temp' is opened by 3020@LAPTOP-60C7DE8B

[2022-03-08 20:59:26 #2 type] 
Type domain.Question is not enhanced.

[2022-03-08 20:59:26 #3 type] 
Type domain.Event is not enhanced.

[2022-03-08 20:59:26 #4 type] 
Type domain.User is not enhanced.

[2022-03-08 20:59:26 #5 type] 
Type domain.Admin is not enhanced.

[2022-03-08 20:59:26 #6 type] 
Type domain.Result is not enhanced.

------------------------------------------------------------------------------------------------------------------------

[2022-03-08 21:06:20 #1 store] 
Database 'C:\Users\ibon3\git\Bets21\src\main\resources\bets.temp' is opened by 18276@LAPTOP-60C7DE8B

[2022-03-08 21:06:20 #2 type] 
Type domain.Question is not enhanced.

[2022-03-08 21:06:20 #3 type] 
Type domain.Event is not enhanced.

[2022-03-08 21:06:20 #4 type] 
Type domain.User is not enhanced.

[2022-03-08 21:06:20 #5 type] 
Type domain.Admin is not enhanced.

[2022-03-08 21:06:20 #6 type] 
Type domain.Result is not enhanced.

------------------------------------------------------------------------------------------------------------------------

[2022-03-08 21:07:25 #1 store] 
Database 'C:\Users\ibon3\git\Bets21\src\main\resources\bets.temp' is opened by 15580@LAPTOP-60C7DE8B

[2022-03-08 21:07:26 #2 type] 
Type domain.Question is not enhanced.

[2022-03-08 21:07:26 #3 type] 
Type domain.Event is not enhanced.

[2022-03-08 21:07:26 #4 type] 
Type domain.User is not enhanced.

[2022-03-08 21:07:26 #5 type] 
Type domain.Admin is not enhanced.

[2022-03-08 21:07:26 #6 type] 
Type domain.Result is not enhanced.

------------------------------------------------------------------------------------------------------------------------

[2022-03-08 21:08:11 #1 store] 
Database 'C:\Users\ibon3\git\Bets21\src\main\resources\bets.temp' is opened by 13940@LAPTOP-60C7DE8B

[2022-03-08 21:08:11 #2 type] 
Type domain.Question is not enhanced.

[2022-03-08 21:08:11 #3 type] 
Type domain.Event is not enhanced.

[2022-03-08 21:08:11 #4 type] 
Type domain.User is not enhanced.

[2022-03-08 21:08:11 #5 type] 
Type domain.Admin is not enhanced.

[2022-03-08 21:08:11 #6 type] 
Type domain.Result is not enhanced.

------------------------------------------------------------------------------------------------------------------------

[2022-03-08 21:35:30 #1 store] 
Database 'C:\Users\ibon3\git\Bets21\src\main\resources\bets.temp' is opened by 3060@LAPTOP-60C7DE8B

[2022-03-08 21:35:30 #2 type] 
Type domain.Question is not enhanced.

[2022-03-08 21:35:30 #3 type] 
Type domain.Event is not enhanced.

[2022-03-08 21:35:30 #4 type] 
Type domain.User is not enhanced.

[2022-03-08 21:35:30 #5 type] 
Type domain.Admin is not enhanced.

[2022-03-08 21:35:30 #6 type] 
Type domain.Result is not enhanced.

------------------------------------------------------------------------------------------------------------------------

[2022-03-08 21:37:01 #1 store] 
Database 'C:\Users\ibon3\git\Bets21\src\main\resources\bets.temp' is opened by 2308@LAPTOP-60C7DE8B

[2022-03-08 21:37:01 #2 type] 
Type domain.Question is not enhanced.

[2022-03-08 21:37:01 #3 type] 
Type domain.Event is not enhanced.

[2022-03-08 21:37:01 #4 type] 
Type domain.User is not enhanced.

[2022-03-08 21:37:01 #5 type] 
Type domain.Admin is not enhanced.

[2022-03-08 21:37:01 #6 type] 
Type domain.Result is not enhanced.

------------------------------------------------------------------------------------------------------------------------

[2022-03-08 21:41:28 #1 store] 
Database 'C:\Users\ibon3\git\Bets21\src\main\resources\bets.temp' is opened by 3188@LAPTOP-60C7DE8B

[2022-03-08 21:41:28 #2 type] 
Type domain.Question is not enhanced.

[2022-03-08 21:41:28 #3 type] 
Type domain.Event is not enhanced.

[2022-03-08 21:41:28 #4 type] 
Type domain.User is not enhanced.

[2022-03-08 21:41:28 #5 type] 
Type domain.Admin is not enhanced.

[2022-03-08 21:41:28 #6 type] 
Type domain.Result is not enhanced.

------------------------------------------------------------------------------------------------------------------------

[2022-03-08 21:43:59 #1 store] 
Database 'C:\Users\ibon3\git\Bets21\src\main\resources\bets.temp' is opened by 15628@LAPTOP-60C7DE8B

[2022-03-08 21:43:59 #2 type] 
Type domain.Question is not enhanced.

[2022-03-08 21:43:59 #3 type] 
Type domain.Event is not enhanced.

[2022-03-08 21:43:59 #4 type] 
Type domain.User is not enhanced.

[2022-03-08 21:43:59 #5 type] 
Type domain.Admin is not enhanced.

[2022-03-08 21:43:59 #6 type] 
Type domain.Result is not enhanced.

------------------------------------------------------------------------------------------------------------------------

[2022-03-08 21:49:32 #1 store] 
Database 'C:\Users\ibon3\git\Bets21\src\main\resources\bets.temp' is opened by 9664@LAPTOP-60C7DE8B

[2022-03-08 21:49:33 #2 type] 
Type domain.Question is not enhanced.

[2022-03-08 21:49:33 #3 type] 
Type domain.Event is not enhanced.

[2022-03-08 21:49:33 #4 type] 
Type domain.User is not enhanced.

[2022-03-08 21:49:33 #5 type] 
Type domain.Admin is not enhanced.

[2022-03-08 21:49:33 #6 type] 
Type domain.Result is not enhanced.

