------------------------------------------------------------------------------------------------------------------------

[2022-04-04 13:01:46 #1 store] 
Database 'C:\Users\ibon3\git\Bets21\src\main\resources\bets.temp' has been recovered (tr. 251-258)

[2022-04-04 13:01:46 #2 store] 
Database 'C:\Users\ibon3\git\Bets21\src\main\resources\bets.temp' is opened by 6128@LAPTOP-60C7DE8B

[2022-04-04 13:01:46 #3 type] 
Type domain.Question is not enhanced.

[2022-04-04 13:01:46 #4 type] 
Type domain.Event is not enhanced.

[2022-04-04 13:01:46 #5 type] 
Type domain.User is not enhanced.

[2022-04-04 13:01:46 #6 type] 
Type domain.Admin is not enhanced.

[2022-04-04 13:01:46 #7 type] 
Type domain.Result is not enhanced.

[2022-04-04 13:01:46 #8 type] 
Type domain.Bet is not enhanced.

------------------------------------------------------------------------------------------------------------------------

[2022-04-04 13:06:24 #1 store] 
Database 'C:\Users\ibon3\git\Bets21\src\main\resources\bets.temp' has been recovered (tr. 259-268)

[2022-04-04 13:06:25 #2 store] 
Database 'C:\Users\ibon3\git\Bets21\src\main\resources\bets.temp' is opened by 3296@LAPTOP-60C7DE8B

[2022-04-04 13:06:25 #3 type] 
Type domain.Question is not enhanced.

[2022-04-04 13:06:25 #4 type] 
Type domain.Event is not enhanced.

[2022-04-04 13:06:25 #5 type] 
Type domain.User is not enhanced.

[2022-04-04 13:06:25 #6 type] 
Type domain.Admin is not enhanced.

[2022-04-04 13:06:25 #7 type] 
Type domain.Result is not enhanced.

[2022-04-04 13:06:25 #8 type] 
Type domain.Bet is not enhanced.

------------------------------------------------------------------------------------------------------------------------

[2022-04-04 13:08:26 #1 store] 
Database 'C:\Users\ibon3\git\Bets21\src\main\resources\bets.temp' has been recovered (tr. 269-272)

[2022-04-04 13:08:26 #2 store] 
Database 'C:\Users\ibon3\git\Bets21\src\main\resources\bets.temp' is opened by 15768@LAPTOP-60C7DE8B

[2022-04-04 13:08:26 #3 type] 
Type domain.Question is not enhanced.

[2022-04-04 13:08:26 #4 type] 
Type domain.Event is not enhanced.

[2022-04-04 13:08:26 #5 type] 
Type domain.User is not enhanced.

[2022-04-04 13:08:26 #6 type] 
Type domain.Admin is not enhanced.

[2022-04-04 13:08:26 #7 type] 
Type domain.Result is not enhanced.

[2022-04-04 13:08:26 #8 type] 
Type domain.Bet is not enhanced.

------------------------------------------------------------------------------------------------------------------------

[2022-04-04 13:09:55 #1 store] 
Database 'C:\Users\ibon3\git\Bets21\src\main\resources\bets.temp' has been recovered (tr. 273-273)

[2022-04-04 13:09:55 #2 store] 
Database 'C:\Users\ibon3\git\Bets21\src\main\resources\bets.temp' is opened by 2936@LAPTOP-60C7DE8B

[2022-04-04 13:09:55 #3 type] 
Type domain.Question is not enhanced.

[2022-04-04 13:09:55 #4 type] 
Type domain.Event is not enhanced.

[2022-04-04 13:09:55 #5 type] 
Type domain.User is not enhanced.

[2022-04-04 13:09:55 #6 type] 
Type domain.Admin is not enhanced.

[2022-04-04 13:09:55 #7 type] 
Type domain.Result is not enhanced.

[2022-04-04 13:09:55 #8 type] 
Type domain.Bet is not enhanced.

------------------------------------------------------------------------------------------------------------------------

[2022-04-04 13:12:33 #1 store] 
Database 'C:\Users\ibon3\git\Bets21\src\main\resources\bets.temp' has been recovered (tr. 274-283)

[2022-04-04 13:12:33 #2 store] 
Database 'C:\Users\ibon3\git\Bets21\src\main\resources\bets.temp' is opened by 1528@LAPTOP-60C7DE8B

[2022-04-04 13:12:33 #3 type] 
Type domain.Question is not enhanced.

[2022-04-04 13:12:33 #4 type] 
Type domain.Event is not enhanced.

[2022-04-04 13:12:33 #5 type] 
Type domain.User is not enhanced.

[2022-04-04 13:12:33 #6 type] 
Type domain.Admin is not enhanced.

[2022-04-04 13:12:33 #7 type] 
Type domain.Result is not enhanced.

[2022-04-04 13:12:33 #8 type] 
Type domain.Bet is not enhanced.

------------------------------------------------------------------------------------------------------------------------

[2022-04-04 13:38:04 #1 store] 
Database 'C:\Users\ibon3\git\Bets21\src\main\resources\bets.temp' has been recovered (tr. 284-285)

[2022-04-04 13:38:04 #2 store] 
Database 'C:\Users\ibon3\git\Bets21\src\main\resources\bets.temp' is opened by 10664@LAPTOP-60C7DE8B

[2022-04-04 13:38:04 #3 type] 
Type domain.Question is not enhanced.

[2022-04-04 13:38:04 #4 type] 
Type domain.Event is not enhanced.

[2022-04-04 13:38:04 #5 type] 
Type domain.User is not enhanced.

[2022-04-04 13:38:04 #6 type] 
Type domain.Admin is not enhanced.

[2022-04-04 13:38:04 #7 type] 
Type domain.Result is not enhanced.

[2022-04-04 13:38:04 #8 type] 
Type domain.Bet is not enhanced.

------------------------------------------------------------------------------------------------------------------------

[2022-04-04 13:40:06 #1 store] 
Database 'C:\Users\ibon3\git\Bets21\src\main\resources\bets.temp' has been recovered (tr. 286-288)

[2022-04-04 13:40:06 #2 store] 
Database 'C:\Users\ibon3\git\Bets21\src\main\resources\bets.temp' is opened by 6168@LAPTOP-60C7DE8B

[2022-04-04 13:40:06 #3 type] 
Type domain.Question is not enhanced.

[2022-04-04 13:40:06 #4 type] 
Type domain.Event is not enhanced.

[2022-04-04 13:40:06 #5 type] 
Type domain.User is not enhanced.

[2022-04-04 13:40:06 #6 type] 
Type domain.Admin is not enhanced.

[2022-04-04 13:40:06 #7 type] 
Type domain.Result is not enhanced.

[2022-04-04 13:40:06 #8 type] 
Type domain.Bet is not enhanced.

------------------------------------------------------------------------------------------------------------------------

[2022-04-04 13:45:32 #1 store] 
Database 'C:\Users\ibon3\git\Bets21\src\main\resources\bets.temp' has been recovered (tr. 289-295)

[2022-04-04 13:45:33 #2 store] 
Database 'C:\Users\ibon3\git\Bets21\src\main\resources\bets.temp' is opened by 18996@LAPTOP-60C7DE8B

[2022-04-04 13:45:33 #3 type] 
Type domain.Question is not enhanced.

[2022-04-04 13:45:33 #4 type] 
Type domain.Event is not enhanced.

[2022-04-04 13:45:33 #5 type] 
Type domain.User is not enhanced.

[2022-04-04 13:45:33 #6 type] 
Type domain.Admin is not enhanced.

[2022-04-04 13:45:33 #7 type] 
Type domain.Result is not enhanced.

[2022-04-04 13:45:33 #8 type] 
Type domain.Bet is not enhanced.

------------------------------------------------------------------------------------------------------------------------

[2022-04-04 13:49:59 #1 store] 
Database 'C:\Users\ibon3\git\Bets21\src\main\resources\bets.temp' has been recovered (tr. 296-308)

[2022-04-04 13:49:59 #2 store] 
Database 'C:\Users\ibon3\git\Bets21\src\main\resources\bets.temp' is opened by 7984@LAPTOP-60C7DE8B

[2022-04-04 13:49:59 #3 type] 
Type domain.Question is not enhanced.

[2022-04-04 13:49:59 #4 type] 
Type domain.Event is not enhanced.

[2022-04-04 13:49:59 #5 type] 
Type domain.User is not enhanced.

[2022-04-04 13:49:59 #6 type] 
Type domain.Admin is not enhanced.

[2022-04-04 13:49:59 #7 type] 
Type domain.Result is not enhanced.

[2022-04-04 13:49:59 #8 type] 
Type domain.Bet is not enhanced.

