------------------------------------------------------------------------------------------------------------------------

[2022-03-07 09:40:13 #1 store] 
Database 'C:\Users\ibon3\git\Bets21\src\main\resources\bets.temp' is opened by 7128@LAPTOP-60C7DE8B

[2022-03-07 09:40:13 #2 type] 
Type domain.Question is not enhanced.

[2022-03-07 09:40:13 #3 type] 
Type domain.Event is not enhanced.

[2022-03-07 09:40:13 #4 type] 
Type domain.User is not enhanced.

[2022-03-07 09:40:13 #5 type] 
Type domain.Admin is not enhanced.

------------------------------------------------------------------------------------------------------------------------

[2022-03-07 09:40:58 #1 store] 
Database 'C:\Users\ibon3\git\Bets21\src\main\resources\bets.temp' is opened by 9828@LAPTOP-60C7DE8B

[2022-03-07 09:40:58 #2 type] 
Type domain.Question is not enhanced.

[2022-03-07 09:40:58 #3 type] 
Type domain.Event is not enhanced.

[2022-03-07 09:40:58 #4 type] 
Type domain.User is not enhanced.

[2022-03-07 09:40:58 #5 type] 
Type domain.Admin is not enhanced.

------------------------------------------------------------------------------------------------------------------------

[2022-03-07 09:44:04 #1 store] 
Database 'C:\Users\ibon3\git\Bets21\src\main\resources\bets.temp' is opened by 16048@LAPTOP-60C7DE8B

[2022-03-07 09:44:04 #2 type] 
Type domain.Question is not enhanced.

[2022-03-07 09:44:04 #3 type] 
Type domain.Event is not enhanced.

[2022-03-07 09:44:04 #4 type] 
Type domain.User is not enhanced.

[2022-03-07 09:44:04 #5 type] 
Type domain.Admin is not enhanced.

------------------------------------------------------------------------------------------------------------------------

[2022-03-07 09:44:47 #1 store] 
Database 'C:\Users\ibon3\git\Bets21\src\main\resources\bets.temp' is opened by 6652@LAPTOP-60C7DE8B

[2022-03-07 09:44:47 #2 type] 
Type domain.Question is not enhanced.

[2022-03-07 09:44:47 #3 type] 
Type domain.Event is not enhanced.

[2022-03-07 09:44:47 #4 type] 
Type domain.User is not enhanced.

[2022-03-07 09:44:47 #5 type] 
Type domain.Admin is not enhanced.

------------------------------------------------------------------------------------------------------------------------

[2022-03-07 09:45:12 #1 store] 
Database 'C:\Users\ibon3\git\Bets21\src\main\resources\bets.temp' is opened by 10976@LAPTOP-60C7DE8B

[2022-03-07 09:45:12 #2 type] 
Type domain.Question is not enhanced.

[2022-03-07 09:45:12 #3 type] 
Type domain.Event is not enhanced.

[2022-03-07 09:45:12 #4 type] 
Type domain.User is not enhanced.

[2022-03-07 09:45:12 #5 type] 
Type domain.Admin is not enhanced.

------------------------------------------------------------------------------------------------------------------------

[2022-03-07 09:57:25 #1 store] 
Database 'C:\Users\ibon3\git\Bets21\src\main\resources\bets.temp' is opened by 12680@LAPTOP-60C7DE8B

[2022-03-07 09:57:25 #2 type] 
Type domain.Question is not enhanced.

[2022-03-07 09:57:25 #3 type] 
Type domain.Event is not enhanced.

[2022-03-07 09:57:25 #4 type] 
Type domain.User is not enhanced.

[2022-03-07 09:57:25 #5 type] 
Type domain.Admin is not enhanced.

------------------------------------------------------------------------------------------------------------------------

[2022-03-07 09:59:32 #1 store] 
Database 'C:\Users\ibon3\git\Bets21\src\main\resources\bets.temp' is opened by 17156@LAPTOP-60C7DE8B

[2022-03-07 09:59:32 #2 type] 
Type domain.Question is not enhanced.

[2022-03-07 09:59:32 #3 type] 
Type domain.Event is not enhanced.

[2022-03-07 09:59:32 #4 type] 
Type domain.User is not enhanced.

[2022-03-07 09:59:32 #5 type] 
Type domain.Admin is not enhanced.

------------------------------------------------------------------------------------------------------------------------

[2022-03-07 10:11:49 #1 store] 
Database 'C:\Users\ibon3\git\Bets21\src\main\resources\bets.temp' is opened by 1032@LAPTOP-60C7DE8B

[2022-03-07 10:11:49 #2 type] 
Type domain.Question is not enhanced.

[2022-03-07 10:11:49 #3 type] 
Type domain.Event is not enhanced.

[2022-03-07 10:11:49 #4 type] 
Type domain.User is not enhanced.

[2022-03-07 10:11:49 #5 type] 
Type domain.Admin is not enhanced.

------------------------------------------------------------------------------------------------------------------------

[2022-03-07 10:12:47 #1 store] 
Database 'C:\Users\ibon3\git\Bets21\src\main\resources\bets.temp' is opened by 12528@LAPTOP-60C7DE8B

[2022-03-07 10:12:47 #2 type] 
Type domain.Question is not enhanced.

[2022-03-07 10:12:47 #3 type] 
Type domain.Event is not enhanced.

[2022-03-07 10:12:47 #4 type] 
Type domain.User is not enhanced.

[2022-03-07 10:12:47 #5 type] 
Type domain.Admin is not enhanced.

------------------------------------------------------------------------------------------------------------------------

[2022-03-07 10:17:59 #1 store] 
Database 'C:\Users\ibon3\git\Bets21\src\main\resources\bets.temp' has been recovered (tr. 19-19)

[2022-03-07 10:17:59 #2 store] 
Database 'C:\Users\ibon3\git\Bets21\src\main\resources\bets.temp' is opened by 1832@LAPTOP-60C7DE8B

[2022-03-07 10:17:59 #3 type] 
Type domain.Question is not enhanced.

[2022-03-07 10:17:59 #4 type] 
Type domain.Event is not enhanced.

[2022-03-07 10:17:59 #5 type] 
Type domain.User is not enhanced.

[2022-03-07 10:17:59 #6 type] 
Type domain.Admin is not enhanced.

------------------------------------------------------------------------------------------------------------------------

[2022-03-07 10:20:34 #1 store] 
Database 'C:\Users\ibon3\git\Bets21\src\main\resources\bets.temp' is opened by 15600@LAPTOP-60C7DE8B

[2022-03-07 10:20:34 #2 type] 
Type domain.Question is not enhanced.

[2022-03-07 10:20:34 #3 type] 
Type domain.Event is not enhanced.

[2022-03-07 10:20:34 #4 type] 
Type domain.User is not enhanced.

[2022-03-07 10:20:34 #5 type] 
Type domain.Admin is not enhanced.

------------------------------------------------------------------------------------------------------------------------

[2022-03-07 10:49:56 #1 store] 
Database 'C:\Users\ibon3\git\Bets21\src\main\resources\bets.temp' is opened by 16056@LAPTOP-60C7DE8B

[2022-03-07 10:49:56 #2 type] 
Type domain.Question is not enhanced.

[2022-03-07 10:49:56 #3 type] 
Type domain.Event is not enhanced.

[2022-03-07 10:49:56 #4 type] 
Type domain.User is not enhanced.

[2022-03-07 10:49:56 #5 type] 
Type domain.Admin is not enhanced.

------------------------------------------------------------------------------------------------------------------------

[2022-03-07 10:57:31 #1 store] 
Database 'C:\Users\ibon3\git\Bets21\src\main\resources\bets.temp' is opened by 11628@LAPTOP-60C7DE8B

[2022-03-07 10:57:31 #2 type] 
Type domain.Question is not enhanced.

[2022-03-07 10:57:31 #3 type] 
Type domain.Event is not enhanced.

[2022-03-07 10:57:31 #4 type] 
Type domain.User is not enhanced.

[2022-03-07 10:57:31 #5 type] 
Type domain.Admin is not enhanced.

------------------------------------------------------------------------------------------------------------------------

[2022-03-07 11:02:52 #1 store] 
Database 'C:\Users\ibon3\git\Bets21\src\main\resources\bets.temp' is opened by 12608@LAPTOP-60C7DE8B

[2022-03-07 11:02:53 #2 type] 
Type domain.Question is not enhanced.

[2022-03-07 11:02:53 #3 type] 
Type domain.Event is not enhanced.

[2022-03-07 11:02:53 #4 type] 
Type domain.User is not enhanced.

[2022-03-07 11:02:53 #5 type] 
Type domain.Admin is not enhanced.

------------------------------------------------------------------------------------------------------------------------

[2022-03-07 11:47:28 #1 store] 
Database 'C:\Users\ibon3\git\Bets21\src\main\resources\bets.temp' is opened by 17352@LAPTOP-60C7DE8B

[2022-03-07 11:47:28 #2 type] 
Type domain.Question is not enhanced.

[2022-03-07 11:47:28 #3 type.registry] 
New type java.util.HashMap<java.lang.String,java.lang.Float>

[2022-03-07 11:47:28 #4 type] 
Type domain.Event is not enhanced.

[2022-03-07 11:47:28 #5 type] 
Type domain.User is not enhanced.

[2022-03-07 11:47:28 #6 type] 
Type domain.Admin is not enhanced.

------------------------------------------------------------------------------------------------------------------------

[2022-03-07 11:49:50 #1 store] 
Database 'C:\Users\ibon3\git\Bets21\src\main\resources\bets.temp' has been recovered (tr. 20-20)

[2022-03-07 11:49:50 #2 store] 
Database 'C:\Users\ibon3\git\Bets21\src\main\resources\bets.temp' is opened by 2592@LAPTOP-60C7DE8B

[2022-03-07 11:49:50 #3 type] 
Type domain.Question is not enhanced.

[2022-03-07 11:49:50 #4 type] 
Type domain.Event is not enhanced.

[2022-03-07 11:49:50 #5 type] 
Type domain.User is not enhanced.

[2022-03-07 11:49:50 #6 type] 
Type domain.Admin is not enhanced.

------------------------------------------------------------------------------------------------------------------------

[2022-03-07 11:52:13 #1 store] 
Database 'C:\Users\ibon3\git\Bets21\src\main\resources\bets.temp' is opened by 12304@LAPTOP-60C7DE8B

[2022-03-07 11:52:13 #2 type] 
Type domain.Question is not enhanced.

[2022-03-07 11:52:13 #3 type] 
Type domain.Event is not enhanced.

[2022-03-07 11:52:13 #4 type] 
Type domain.User is not enhanced.

[2022-03-07 11:52:13 #5 type] 
Type domain.Admin is not enhanced.

------------------------------------------------------------------------------------------------------------------------

[2022-03-07 13:21:02 #1 store] 
Database 'C:\Users\ibon3\git\Bets21\src\main\resources\bets.temp' has been recovered (tr. 21-22)

[2022-03-07 13:21:02 #2 store] 
Database 'C:\Users\ibon3\git\Bets21\src\main\resources\bets.temp' is opened by 10296@LAPTOP-60C7DE8B

[2022-03-07 13:21:03 #3 type] 
Type domain.Question is not enhanced.

[2022-03-07 13:21:03 #4 type] 
Type domain.Event is not enhanced.

[2022-03-07 13:21:03 #5 type] 
Type domain.User is not enhanced.

[2022-03-07 13:21:03 #6 type] 
Type domain.Admin is not enhanced.

------------------------------------------------------------------------------------------------------------------------

[2022-03-07 13:22:34 #1 store] 
Database 'C:\Users\ibon3\git\Bets21\src\main\resources\bets.temp' is opened by 3532@LAPTOP-60C7DE8B

[2022-03-07 13:22:34 #2 type] 
Type domain.Question is not enhanced.

[2022-03-07 13:22:34 #3 type] 
Type domain.Event is not enhanced.

[2022-03-07 13:22:34 #4 type] 
Type domain.User is not enhanced.

[2022-03-07 13:22:34 #5 type] 
Type domain.Admin is not enhanced.

------------------------------------------------------------------------------------------------------------------------

[2022-03-07 13:23:41 #1 store] 
Database 'C:\Users\ibon3\git\Bets21\src\main\resources\bets.temp' is opened by 2640@LAPTOP-60C7DE8B

[2022-03-07 13:23:41 #2 type] 
Type domain.Question is not enhanced.

[2022-03-07 13:23:41 #3 type] 
Type domain.Event is not enhanced.

[2022-03-07 13:23:41 #4 type] 
Type domain.User is not enhanced.

[2022-03-07 13:23:41 #5 type] 
Type domain.Admin is not enhanced.

------------------------------------------------------------------------------------------------------------------------

[2022-03-07 13:24:17 #1 store] 
Database 'C:\Users\ibon3\git\Bets21\src\main\resources\bets.temp' is opened by 5908@LAPTOP-60C7DE8B

[2022-03-07 13:24:17 #2 type] 
Type domain.Question is not enhanced.

[2022-03-07 13:24:17 #3 type] 
Type domain.Event is not enhanced.

[2022-03-07 13:24:17 #4 type] 
Type domain.User is not enhanced.

[2022-03-07 13:24:17 #5 type] 
Type domain.Admin is not enhanced.

------------------------------------------------------------------------------------------------------------------------

[2022-03-07 13:34:54 #1 store] 
Database 'C:\Users\ibon3\git\Bets21\src\main\resources\bets.temp' has been recovered (tr. 23-23)

[2022-03-07 13:34:54 #2 store] 
Database 'C:\Users\ibon3\git\Bets21\src\main\resources\bets.temp' is opened by 14268@LAPTOP-60C7DE8B

[2022-03-07 13:34:54 #3 type] 
Type domain.Question is not enhanced.

[2022-03-07 13:34:54 #4 type] 
Type domain.Event is not enhanced.

[2022-03-07 13:34:54 #5 type] 
Type domain.User is not enhanced.

[2022-03-07 13:34:54 #6 type] 
Type domain.Admin is not enhanced.

------------------------------------------------------------------------------------------------------------------------

[2022-03-07 13:38:26 #1 store] 
Database 'C:\Users\ibon3\git\Bets21\src\main\resources\bets.temp' is opened by 5448@LAPTOP-60C7DE8B

[2022-03-07 13:38:26 #2 type] 
Type domain.Question is not enhanced.

[2022-03-07 13:38:26 #3 type] 
Type domain.Event is not enhanced.

[2022-03-07 13:38:26 #4 type] 
Type domain.User is not enhanced.

[2022-03-07 13:38:26 #5 type] 
Type domain.Admin is not enhanced.

------------------------------------------------------------------------------------------------------------------------

[2022-03-07 13:44:03 #1 store] 
Database 'C:\Users\ibon3\git\Bets21\src\main\resources\bets.temp' has been recovered (tr. 24-24)

[2022-03-07 13:44:03 #2 store] 
Database 'C:\Users\ibon3\git\Bets21\src\main\resources\bets.temp' is opened by 4692@LAPTOP-60C7DE8B

[2022-03-07 13:44:03 #3 type] 
Type domain.Question is not enhanced.

[2022-03-07 13:44:03 #4 type] 
Type domain.Event is not enhanced.

[2022-03-07 13:44:03 #5 type] 
Type domain.User is not enhanced.

[2022-03-07 13:44:03 #6 type] 
Type domain.Admin is not enhanced.

------------------------------------------------------------------------------------------------------------------------

[2022-03-07 14:36:55 #1 store] 
Database 'C:\Users\ibon3\git\Bets21\src\main\resources\bets.temp' is opened by 16408@LAPTOP-60C7DE8B

[2022-03-07 14:36:55 #2 type] 
Type domain.Question is not enhanced.

[2022-03-07 14:36:55 #3 type] 
Type domain.Event is not enhanced.

[2022-03-07 14:36:55 #4 type] 
Type domain.User is not enhanced.

[2022-03-07 14:36:55 #5 type] 
Type domain.Admin is not enhanced.

[2022-03-07 14:37:22 #6 type.registry] 
New type java.util.HashMap<java.lang.Object,java.lang.Object>

------------------------------------------------------------------------------------------------------------------------

[2022-03-07 14:43:58 #1 store] 
Database 'C:\Users\ibon3\git\Bets21\src\main\resources\bets.temp' has been recovered (tr. 25-26)

[2022-03-07 14:43:58 #2 store] 
Database 'C:\Users\ibon3\git\Bets21\src\main\resources\bets.temp' is opened by 16224@LAPTOP-60C7DE8B

[2022-03-07 14:43:58 #3 type] 
Type domain.Question is not enhanced.

[2022-03-07 14:43:58 #4 type] 
Type domain.Event is not enhanced.

[2022-03-07 14:43:58 #5 type] 
Type domain.User is not enhanced.

[2022-03-07 14:43:58 #6 type] 
Type domain.Admin is not enhanced.

------------------------------------------------------------------------------------------------------------------------

[2022-03-07 15:51:10 #1 store] 
Database 'C:\Users\ibon3\git\Bets21\src\main\resources\bets.temp' is opened by 10120@LAPTOP-60C7DE8B

[2022-03-07 15:51:10 #2 type] 
Type domain.Question is not enhanced.

[2022-03-07 15:51:10 #3 type] 
Type domain.Event is not enhanced.

[2022-03-07 15:51:10 #4 type] 
Type domain.User is not enhanced.

[2022-03-07 15:51:10 #5 type] 
Type domain.Admin is not enhanced.

------------------------------------------------------------------------------------------------------------------------

[2022-03-07 16:06:54 #1 store] 
Database 'C:\Users\ibon3\git\Bets21\src\main\resources\bets.temp' has been recovered (tr. 27-27)

[2022-03-07 16:06:55 #2 store] 
Database 'C:\Users\ibon3\git\Bets21\src\main\resources\bets.temp' is opened by 3988@LAPTOP-60C7DE8B

[2022-03-07 16:06:55 #3 type] 
Type domain.Question is not enhanced.

[2022-03-07 16:06:55 #4 type] 
Type domain.Event is not enhanced.

[2022-03-07 16:06:55 #5 type] 
Type domain.User is not enhanced.

[2022-03-07 16:06:55 #6 type] 
Type domain.Admin is not enhanced.

------------------------------------------------------------------------------------------------------------------------

[2022-03-07 16:07:38 #1 store] 
Database 'C:\Users\ibon3\git\Bets21\src\main\resources\bets.temp' is opened by 16156@LAPTOP-60C7DE8B

[2022-03-07 16:07:38 #2 type] 
Type domain.Question is not enhanced.

[2022-03-07 16:07:38 #3 type] 
Type domain.Event is not enhanced.

[2022-03-07 16:07:38 #4 type] 
Type domain.User is not enhanced.

[2022-03-07 16:07:38 #5 type] 
Type domain.Admin is not enhanced.

------------------------------------------------------------------------------------------------------------------------

[2022-03-07 16:09:22 #1 store] 
Database 'C:\Users\ibon3\git\Bets21\src\main\resources\bets.temp' is opened by 2168@LAPTOP-60C7DE8B

[2022-03-07 16:09:22 #2 type] 
Type domain.Question is not enhanced.

[2022-03-07 16:09:22 #3 type] 
Type domain.Event is not enhanced.

[2022-03-07 16:09:22 #4 type] 
Type domain.User is not enhanced.

[2022-03-07 16:09:22 #5 type] 
Type domain.Admin is not enhanced.

------------------------------------------------------------------------------------------------------------------------

[2022-03-07 16:15:12 #1 store] 
Database 'C:\Users\ibon3\git\Bets21\src\main\resources\bets.temp' is opened by 2436@LAPTOP-60C7DE8B

[2022-03-07 16:15:12 #2 type] 
Type domain.Question is not enhanced.

[2022-03-07 16:15:12 #3 type] 
Type domain.Event is not enhanced.

[2022-03-07 16:15:12 #4 type] 
Type domain.User is not enhanced.

[2022-03-07 16:15:12 #5 type] 
Type domain.Admin is not enhanced.

------------------------------------------------------------------------------------------------------------------------

[2022-03-07 16:40:21 #1 store] 
Database 'C:\Users\ibon3\git\Bets21\src\main\resources\bets.temp' is opened by 15792@LAPTOP-60C7DE8B

[2022-03-07 16:40:21 #2 type] 
Type domain.Question is not enhanced.

[2022-03-07 16:40:21 #3 type.registry] 
New type domain.Result

[2022-03-07 16:40:21 #4 type.registry] 
New type java.util.Vector<domain.Result>

[2022-03-07 16:40:21 #5 type] 
Type domain.Event is not enhanced.

[2022-03-07 16:40:21 #6 type] 
Type domain.User is not enhanced.

[2022-03-07 16:40:21 #7 type] 
Type domain.Admin is not enhanced.

------------------------------------------------------------------------------------------------------------------------

[2022-03-07 16:47:49 #1 store] 
Database 'C:\Users\ibon3\git\Bets21\src\main\resources\bets.temp' has been recovered (tr. 28-28)

[2022-03-07 16:47:49 #2 store] 
Database 'C:\Users\ibon3\git\Bets21\src\main\resources\bets.temp' is opened by 12960@LAPTOP-60C7DE8B

[2022-03-07 16:47:49 #3 type] 
Type domain.Question is not enhanced.

[2022-03-07 16:47:49 #4 type] 
Type domain.Event is not enhanced.

[2022-03-07 16:47:49 #5 type] 
Type domain.User is not enhanced.

[2022-03-07 16:47:49 #6 type] 
Type domain.Admin is not enhanced.

------------------------------------------------------------------------------------------------------------------------

[2022-03-07 17:03:09 #1 store] 
Database 'C:\Users\ibon3\git\Bets21\src\main\resources\bets.temp' is opened by 17144@LAPTOP-60C7DE8B

[2022-03-07 17:03:10 #2 type] 
Type domain.Question is not enhanced.

[2022-03-07 17:03:10 #3 type] 
Type domain.Event is not enhanced.

[2022-03-07 17:03:10 #4 type] 
Type domain.User is not enhanced.

[2022-03-07 17:03:10 #5 type] 
Type domain.Admin is not enhanced.

------------------------------------------------------------------------------------------------------------------------

[2022-03-07 17:19:52 #1 store] 
Database 'C:\Users\ibon3\git\Bets21\src\main\resources\bets.temp' is opened by 10320@LAPTOP-60C7DE8B

[2022-03-07 17:19:52 #2 type] 
Type domain.Question is not enhanced.

[2022-03-07 17:19:52 #3 type] 
Type domain.Event is not enhanced.

[2022-03-07 17:19:52 #4 type] 
Type domain.User is not enhanced.

[2022-03-07 17:19:52 #5 type] 
Type domain.Admin is not enhanced.

------------------------------------------------------------------------------------------------------------------------

[2022-03-07 17:21:48 #1 store] 
Database 'C:\Users\ibon3\git\Bets21\src\main\resources\bets.temp' is opened by 18116@LAPTOP-60C7DE8B

[2022-03-07 17:21:48 #2 type] 
Type domain.Question is not enhanced.

[2022-03-07 17:21:48 #3 type] 
Type domain.Event is not enhanced.

[2022-03-07 17:21:48 #4 type] 
Type domain.User is not enhanced.

[2022-03-07 17:21:48 #5 type] 
Type domain.Admin is not enhanced.

[2022-03-07 17:21:48 #6 type] 
Type domain.Result is not enhanced.

------------------------------------------------------------------------------------------------------------------------

[2022-03-07 17:24:53 #1 store] 
Database 'C:\Users\ibon3\git\Bets21\src\main\resources\bets.temp' is opened by 13432@LAPTOP-60C7DE8B

[2022-03-07 17:24:53 #2 type] 
Type domain.Question is not enhanced.

[2022-03-07 17:24:53 #3 type] 
Type domain.Event is not enhanced.

[2022-03-07 17:24:53 #4 type] 
Type domain.User is not enhanced.

[2022-03-07 17:24:53 #5 type] 
Type domain.Admin is not enhanced.

[2022-03-07 17:24:53 #6 type] 
Type domain.Result is not enhanced.

------------------------------------------------------------------------------------------------------------------------

[2022-03-07 17:35:36 #1 store] 
Database 'C:\Users\ibon3\git\Bets21\src\main\resources\bets.temp' is opened by 2240@LAPTOP-60C7DE8B

[2022-03-07 17:35:36 #2 type] 
Type domain.Question is not enhanced.

[2022-03-07 17:35:36 #3 type] 
Type domain.Event is not enhanced.

[2022-03-07 17:35:36 #4 type] 
Type domain.User is not enhanced.

[2022-03-07 17:35:36 #5 type] 
Type domain.Admin is not enhanced.

[2022-03-07 17:35:36 #6 type] 
Type domain.Result is not enhanced.

------------------------------------------------------------------------------------------------------------------------

[2022-03-07 17:36:38 #1 store] 
Database 'C:\Users\ibon3\git\Bets21\src\main\resources\bets.temp' is opened by 5332@LAPTOP-60C7DE8B

[2022-03-07 17:36:38 #2 type] 
Type domain.Question is not enhanced.

[2022-03-07 17:36:38 #3 type] 
Type domain.Event is not enhanced.

[2022-03-07 17:36:38 #4 type] 
Type domain.User is not enhanced.

[2022-03-07 17:36:38 #5 type] 
Type domain.Admin is not enhanced.

[2022-03-07 17:36:38 #6 type] 
Type domain.Result is not enhanced.

------------------------------------------------------------------------------------------------------------------------

[2022-03-07 17:37:24 #1 store] 
Database 'C:\Users\ibon3\git\Bets21\src\main\resources\bets.temp' has been recovered (tr. 46-47)

[2022-03-07 17:37:24 #2 store] 
Database 'C:\Users\ibon3\git\Bets21\src\main\resources\bets.temp' is opened by 8248@LAPTOP-60C7DE8B

[2022-03-07 17:37:24 #3 type] 
Type domain.Question is not enhanced.

[2022-03-07 17:37:24 #4 type] 
Type domain.Event is not enhanced.

[2022-03-07 17:37:24 #5 type] 
Type domain.User is not enhanced.

[2022-03-07 17:37:24 #6 type] 
Type domain.Admin is not enhanced.

[2022-03-07 17:37:24 #7 type] 
Type domain.Result is not enhanced.

------------------------------------------------------------------------------------------------------------------------

[2022-03-07 17:39:57 #1 store] 
Database 'C:\Users\ibon3\git\Bets21\src\main\resources\bets.temp' is opened by 17180@LAPTOP-60C7DE8B

[2022-03-07 17:39:57 #2 type] 
Type domain.Question is not enhanced.

[2022-03-07 17:39:57 #3 type] 
Type domain.Event is not enhanced.

[2022-03-07 17:39:57 #4 type] 
Type domain.User is not enhanced.

[2022-03-07 17:39:57 #5 type] 
Type domain.Admin is not enhanced.

[2022-03-07 17:39:57 #6 type] 
Type domain.Result is not enhanced.

------------------------------------------------------------------------------------------------------------------------

[2022-03-07 17:40:36 #1 store] 
Database 'C:\Users\ibon3\git\Bets21\src\main\resources\bets.temp' is opened by 2012@LAPTOP-60C7DE8B

[2022-03-07 17:40:36 #2 type] 
Type domain.Question is not enhanced.

[2022-03-07 17:40:36 #3 type] 
Type domain.Event is not enhanced.

[2022-03-07 17:40:36 #4 type] 
Type domain.User is not enhanced.

[2022-03-07 17:40:36 #5 type] 
Type domain.Admin is not enhanced.

[2022-03-07 17:40:36 #6 type] 
Type domain.Result is not enhanced.

------------------------------------------------------------------------------------------------------------------------

[2022-03-07 17:50:00 #1 store] 
Database 'C:\Users\ibon3\git\Bets21\src\main\resources\bets.temp' is opened by 5284@LAPTOP-60C7DE8B

[2022-03-07 17:50:00 #2 type] 
Type domain.Question is not enhanced.

[2022-03-07 17:50:00 #3 type] 
Type domain.Event is not enhanced.

[2022-03-07 17:50:01 #4 type] 
Type domain.User is not enhanced.

[2022-03-07 17:50:01 #5 type] 
Type domain.Admin is not enhanced.

[2022-03-07 17:50:01 #6 type] 
Type domain.Result is not enhanced.

------------------------------------------------------------------------------------------------------------------------

[2022-03-07 17:51:40 #1 store] 
Database 'C:\Users\ibon3\git\Bets21\src\main\resources\bets.temp' is opened by 7212@LAPTOP-60C7DE8B

[2022-03-07 17:51:40 #2 type] 
Type domain.Question is not enhanced.

[2022-03-07 17:51:40 #3 type] 
Type domain.Event is not enhanced.

[2022-03-07 17:51:40 #4 type] 
Type domain.User is not enhanced.

[2022-03-07 17:51:40 #5 type] 
Type domain.Admin is not enhanced.

[2022-03-07 17:51:40 #6 type] 
Type domain.Result is not enhanced.

------------------------------------------------------------------------------------------------------------------------

[2022-03-07 17:53:59 #1 store] 
Database 'C:\Users\ibon3\git\Bets21\src\main\resources\bets.temp' is opened by 1444@LAPTOP-60C7DE8B

[2022-03-07 17:53:59 #2 type] 
Type domain.Question is not enhanced.

[2022-03-07 17:53:59 #3 type] 
Type domain.Event is not enhanced.

[2022-03-07 17:53:59 #4 type] 
Type domain.User is not enhanced.

[2022-03-07 17:53:59 #5 type] 
Type domain.Admin is not enhanced.

[2022-03-07 17:53:59 #6 type] 
Type domain.Result is not enhanced.

------------------------------------------------------------------------------------------------------------------------

[2022-03-07 18:04:23 #1 store] 
Database 'C:\Users\ibon3\git\Bets21\src\main\resources\bets.temp' is opened by 12708@LAPTOP-60C7DE8B

[2022-03-07 18:04:23 #2 type] 
Type domain.Question is not enhanced.

[2022-03-07 18:04:23 #3 type] 
Type domain.Event is not enhanced.

[2022-03-07 18:04:23 #4 type] 
Type domain.User is not enhanced.

[2022-03-07 18:04:23 #5 type] 
Type domain.Admin is not enhanced.

[2022-03-07 18:04:23 #6 type] 
Type domain.Result is not enhanced.

------------------------------------------------------------------------------------------------------------------------

[2022-03-07 18:06:52 #1 store] 
Database 'C:\Users\ibon3\git\Bets21\src\main\resources\bets.temp' is opened by 17700@LAPTOP-60C7DE8B

[2022-03-07 18:06:52 #2 type] 
Type domain.Question is not enhanced.

[2022-03-07 18:06:52 #3 type] 
Type domain.Event is not enhanced.

[2022-03-07 18:06:52 #4 type] 
Type domain.User is not enhanced.

[2022-03-07 18:06:52 #5 type] 
Type domain.Admin is not enhanced.

[2022-03-07 18:06:52 #6 type] 
Type domain.Result is not enhanced.

------------------------------------------------------------------------------------------------------------------------

[2022-03-07 18:09:05 #1 store] 
Database 'C:\Users\ibon3\git\Bets21\src\main\resources\bets.temp' is opened by 17136@LAPTOP-60C7DE8B

[2022-03-07 18:09:05 #2 type] 
Type domain.Question is not enhanced.

[2022-03-07 18:09:05 #3 type] 
Type domain.Event is not enhanced.

[2022-03-07 18:09:05 #4 type] 
Type domain.User is not enhanced.

[2022-03-07 18:09:05 #5 type] 
Type domain.Admin is not enhanced.

[2022-03-07 18:09:05 #6 type] 
Type domain.Result is not enhanced.

------------------------------------------------------------------------------------------------------------------------

[2022-03-07 18:10:13 #1 store] 
Database 'C:\Users\ibon3\git\Bets21\src\main\resources\bets.temp' is opened by 2956@LAPTOP-60C7DE8B

[2022-03-07 18:10:13 #2 type] 
Type domain.Question is not enhanced.

[2022-03-07 18:10:13 #3 type] 
Type domain.Event is not enhanced.

[2022-03-07 18:10:13 #4 type] 
Type domain.User is not enhanced.

[2022-03-07 18:10:13 #5 type] 
Type domain.Admin is not enhanced.

[2022-03-07 18:10:13 #6 type] 
Type domain.Result is not enhanced.

